number,value,datetime_start,datetime_complete,duration,params_colsample_bytree,params_learning_rate,params_max_depth,params_n_estimators,params_reg_alpha,params_reg_lambda,params_subsample,state
0,22.763433890709802,2023-09-15 23:15:52.489894,2023-09-15 23:17:14.502822,0 days 00:01:22.012928,0.3041821463391221,0.35794425022941456,12,408,0.4216248211553888,0.13231667414450865,0.5070839428840582,COMPLETE
1,18.545127113381152,2023-09-15 23:17:14.502822,2023-09-15 23:18:25.032808,0 days 00:01:10.529986,0.9499778758006681,0.04810005754278676,4,526,0.030949050158381675,0.2804596739154286,0.6324237580040837,COMPLETE
2,19.460001635840353,2023-09-15 23:18:25.032808,2023-09-15 23:19:20.220816,0 days 00:00:55.188008,0.45408574466044554,0.08765327897344255,12,249,0.4027475255661854,0.023315376428019174,0.3661358877703842,COMPLETE
3,19.09088679001345,2023-09-15 23:19:20.220816,2023-09-15 23:20:40.401867,0 days 00:01:20.181051,0.6971982955677032,0.15549735182454646,7,444,0.5656796054121951,0.25980953534394713,0.49784526910851945,COMPLETE
4,18.5412869644613,2023-09-15 23:20:40.401867,2023-09-15 23:21:18.951503,0 days 00:00:38.549636,0.7564615448612197,0.021106003972255268,6,225,0.11784945011854897,0.007642267695706306,0.6717941917033206,COMPLETE
5,26.12927823086584,2023-09-15 23:21:18.951503,2023-09-15 23:22:16.807416,0 days 00:00:57.855913,0.39776384432064726,0.7504738644963876,12,274,0.27423239711967196,0.14799568796814022,0.7832377224726568,COMPLETE
6,34.46936987032724,2023-09-15 23:22:16.807416,2023-09-15 23:23:22.833106,0 days 00:01:06.025690,0.947915707827868,0.39480012574749085,10,294,0.6105699658698329,0.7939975136892985,0.15748549979043208,COMPLETE
7,18.752252785635804,2023-09-15 23:23:22.833106,2023-09-15 23:24:05.458514,0 days 00:00:42.625408,0.8144570828084713,0.021994531904129085,6,242,0.23456542050156415,0.29271143415067924,0.7900206686881088,COMPLETE
8,52.926698748999556,2023-09-15 23:24:05.458514,2023-09-15 23:24:19.253302,0 days 00:00:13.794788,0.6667510143298032,0.8799994231218232,7,91,0.5643891021191382,0.8429374427822957,0.21627702060421528,COMPLETE
9,157.8107468175311,2023-09-15 23:24:19.253302,2023-09-15 23:24:35.290777,0 days 00:00:16.037475,0.1440164906656507,0.7582978738928969,12,174,0.4497470768202567,0.2098795266683091,0.20656381925956485,COMPLETE
10,25.048362021946495,2023-09-15 23:24:35.290777,2023-09-15 23:25:21.905187,0 days 00:00:46.614410,0.6015855695186529,0.27658138374771735,3,675,0.8322582534080731,0.5398203708701056,0.9787348558867572,COMPLETE
11,18.29042597872521,2023-09-15 23:25:21.905187,2023-09-15 23:26:38.048234,0 days 00:01:16.143047,0.9777776527080233,0.015450229027376573,4,570,0.046368176507381675,0.028282496412142068,0.7084602397924785,COMPLETE
12,22.14805535535713,2023-09-15 23:26:38.048234,2023-09-15 23:28:00.674493,0 days 00:01:22.626259,0.8176498604270206,0.2374586142261438,5,576,0.03338492492727457,0.0021224479360919778,0.6685559211761696,COMPLETE
13,21.173072781808255,2023-09-15 23:28:00.674493,2023-09-15 23:31:29.929220,0 days 00:03:29.254727,0.9565544910862623,0.17903707606724065,9,728,0.00279704024226779,0.0006705867021023233,0.8129845215868231,COMPLETE
14,22.805045998346365,2023-09-15 23:31:29.929220,2023-09-15 23:31:39.979518,0 days 00:00:10.050298,0.7734632476396659,0.49879136569881183,5,57,0.17828184859464943,0.40055111489393336,0.6260708306382812,COMPLETE
15,18.413747995096465,2023-09-15 23:31:39.979518,2023-09-15 23:32:33.037114,0 days 00:00:53.057596,0.9917611407683213,0.007074638643698963,3,554,0.14723705492715242,0.10144763393326986,0.9721393451139373,COMPLETE
16,20.580667932735953,2023-09-15 23:32:33.037114,2023-09-15 23:33:31.116194,0 days 00:00:58.079080,0.9787999852793096,0.14171939309086096,3,614,0.29206178290410084,0.5318620785939614,0.9901667417942986,COMPLETE
17,18.504489860641126,2023-09-15 23:33:31.116194,2023-09-15 23:34:27.661883,0 days 00:00:56.545689,0.8786224932186717,0.008227601615522549,4,494,0.12641392795167972,0.1344725145376236,0.9315784777428899,COMPLETE
18,21.473040202357176,2023-09-15 23:34:27.661883,2023-09-15 23:34:54.279700,0 days 00:00:26.617817,0.5865749836126803,0.2574191925898376,3,361,0.12956718407765633,0.41857193770652434,0.8982955541550783,COMPLETE
19,20.080319002457998,2023-09-15 23:34:54.295335,2023-09-15 23:37:41.862590,0 days 00:02:47.567255,0.8530807142468542,0.12198336102450075,9,624,0.3188605484902635,0.11364077140800066,0.888051161966875,COMPLETE
20,24.16494474877648,2023-09-15 23:37:41.862590,2023-09-15 23:38:43.182778,0 days 00:01:01.320188,0.8609966300233602,0.3329260328868567,4,527,0.19441255396908053,0.38321427970346633,0.8562850430655883,COMPLETE
21,19.78668036790088,2023-09-15 23:38:43.198404,2023-09-15 23:39:43.385724,0 days 00:01:00.187320,0.9990846194370427,0.005274393829282009,4,480,0.10681575642272412,0.10141799178477273,0.9137762108882088,COMPLETE
22,62.76224973936428,2023-09-15 23:39:43.385724,2023-09-15 23:40:54.260659,0 days 00:01:10.874935,0.8881817954190904,0.000982386023981971,5,535,0.10058898047061693,0.17642856574749738,0.995741647269257,COMPLETE
23,20.556588853604996,2023-09-15 23:40:54.260659,2023-09-15 23:41:40.740881,0 days 00:00:46.480222,0.8934740555098972,0.1172061550191662,4,375,0.14643110100875958,0.09127303695849032,0.774932518667445,COMPLETE
24,21.531350196916012,2023-09-15 23:41:40.740881,2023-09-15 23:42:34.768729,0 days 00:00:54.027848,0.7315398001958308,0.16807313041631278,3,676,0.22538135187544933,0.22419170882931716,0.9215394085119474,COMPLETE
25,19.11160511669193,2023-09-15 23:42:34.768729,2023-09-15 23:43:57.639863,0 days 00:01:22.871134,0.8844341140935876,0.06619230722147934,6,454,0.017352975536175402,0.05623621202254051,0.7311211263893704,COMPLETE
26,21.429610372268947,2023-09-15 23:43:57.639863,2023-09-15 23:45:27.931178,0 days 00:01:30.291315,0.9861760205091851,0.21049810769580732,5,571,0.314791204659326,0.1667675264559551,0.8463497788488652,COMPLETE
27,19.089354242379763,2023-09-15 23:45:27.931178,2023-09-15 23:46:24.414429,0 days 00:00:56.483251,0.7823926475318466,0.10040754163262391,4,492,0.08625281411277988,0.09503526339510548,0.7304002501177425,COMPLETE
28,19.97509520803946,2023-09-15 23:46:24.414429,2023-09-15 23:47:40.003263,0 days 00:01:15.588834,0.9203329734408016,0.0720163464287949,8,336,0.18319540994610384,0.2020212683904454,0.9402126069966148,COMPLETE
29,22.938961674035063,2023-09-15 23:47:40.003263,2023-09-15 23:48:15.227589,0 days 00:00:35.224326,0.8299652224902403,0.31386254162274313,3,419,0.06417027440553327,0.08707845996450791,0.8662364698871131,COMPLETE
30,23.447295423248967,2023-09-15 23:48:15.227589,2023-09-15 23:49:39.329837,0 days 00:01:24.102248,0.905109248988982,0.22510939708159677,5,637,0.3684311127444402,0.05902107218785285,0.9422946401772305,COMPLETE
31,18.529564207352134,2023-09-15 23:49:39.329837,2023-09-15 23:51:08.013852,0 days 00:01:28.684015,0.7592606047614998,0.010469532062430103,6,580,0.12768494828006993,0.02645947717055846,0.6947805980440104,COMPLETE
32,19.40969253906058,2023-09-15 23:51:08.029478,2023-09-15 23:52:22.522308,0 days 00:01:14.492830,0.992681362311612,0.0675541176463827,4,572,0.06430311004981609,0.14042320380865408,0.5536431686650615,COMPLETE
33,19.849389908736107,2023-09-15 23:52:22.522308,2023-09-15 23:53:46.480105,0 days 00:01:23.957797,0.9246361990209014,0.07256411170809232,6,501,0.16689603341807804,0.05439576314393776,0.8442638394746843,COMPLETE
34,19.1975200148306,2023-09-15 23:53:46.495729,2023-09-15 23:56:04.236919,0 days 00:02:17.741190,0.8258017571095334,0.004356519980393214,7,731,0.23103055707115583,0.14323257590696328,0.7342620862345508,COMPLETE
35,20.529223557311845,2023-09-15 23:56:04.236919,2023-09-15 23:56:47.894502,0 days 00:00:43.657583,0.6971214813059083,0.15021062999310325,3,549,0.06437528205828741,0.03544009984785389,0.6145245998542276,COMPLETE
36,19.083528433138824,2023-09-15 23:56:47.894502,2023-09-15 23:57:53.609562,0 days 00:01:05.715060,0.9433284433332471,0.06779375801035661,5,429,0.0016690826534480896,0.2621344284610034,0.46996611610479166,COMPLETE
37,20.978874405189078,2023-09-15 23:57:53.609562,2023-09-15 23:58:59.558385,0 days 00:01:05.948823,0.7591923415148496,0.12339991557651403,4,673,0.12149070693614124,0.0019031973817685358,0.8193701288861197,COMPLETE
38,21.290806245688636,2023-09-15 23:58:59.558385,2023-09-16 00:00:35.442163,0 days 00:01:35.883778,0.8615630665704537,0.1768493593250322,6,598,0.2387154670254658,0.13727769053418873,0.763465846773537,COMPLETE
39,19.20189312995541,2023-09-16 00:00:35.442163,2023-09-16 00:02:28.713064,0 days 00:01:53.270901,0.9412556421627546,0.05433909215513587,8,462,0.15076446415807332,0.05527106667618719,0.6988740328011921,COMPLETE
40,19.73236028746009,2023-09-16 00:02:28.713064,2023-09-16 00:04:46.753914,0 days 00:02:18.040850,0.9987473840068051,0.03185269403773085,7,644,0.2684965677945725,0.24688990054567253,0.807009057277946,COMPLETE
41,21.232245202106746,2023-09-16 00:04:46.753914,2023-09-16 00:05:13.932950,0 days 00:00:27.179036,0.8021497679283522,0.012944558819252456,6,163,0.11060489454424491,0.03525092479852231,0.6811142868761606,COMPLETE
42,18.85868090918926,2023-09-16 00:05:13.948577,2023-09-16 00:05:36.686736,0 days 00:00:22.738159,0.7493468134677994,0.11613817621340732,4,206,0.05859136915836212,0.17919713496907033,0.6444377569067271,COMPLETE
43,18.74899150575932,2023-09-16 00:05:36.686736,2023-09-16 00:07:55.345221,0 days 00:02:18.658485,0.6645421290452945,0.04632708410697628,11,501,0.21368634181925986,0.11757441224951018,0.6017822717735175,COMPLETE
44,20.980825226541644,2023-09-16 00:07:55.360844,2023-09-16 00:09:04.619370,0 days 00:01:09.258526,0.9200260614446796,0.1829036362295413,6,399,0.15027124577253984,0.018934285418996194,0.7109678390795451,COMPLETE
45,19.908029909582638,2023-09-16 00:09:04.619370,2023-09-16 00:09:59.449265,0 days 00:00:54.829895,0.8415362479439473,0.10216100749233917,7,287,0.03902008887962635,0.0776675132650684,0.7651598409199205,COMPLETE
46,23.997469684485313,2023-09-16 00:09:59.449265,2023-09-16 00:11:13.697715,0 days 00:01:14.248450,0.7914132314207991,0.0031069438230479918,5,557,0.07935621339909059,0.0036953725284042315,0.5720264359835281,COMPLETE
47,28.567326145407065,2023-09-16 00:11:13.697715,2023-09-16 00:12:11.979251,0 days 00:00:58.281536,0.9632349072613093,0.3773523412562029,3,602,0.0003352513961702164,0.20213712659091881,0.6634432278683935,COMPLETE
48,21.906881473986836,2023-09-16 00:12:11.979251,2023-09-16 00:13:20.284990,0 days 00:01:08.305739,0.8745523708604929,0.27854721470064386,8,324,0.19424685801471497,0.12751807278778965,0.9484594427795944,COMPLETE
49,18.479749906002358,2023-09-16 00:13:20.284990,2023-09-16 00:13:38.851495,0 days 00:00:18.566505,0.7185989148366518,0.05415192678717957,5,150,0.12656465316053322,0.3026885702577582,0.9023436860885614,COMPLETE
50,18.312163698562046,2023-09-16 00:13:38.851495,2023-09-16 00:13:50.029626,0 days 00:00:11.178131,0.5171458201737686,0.03581241559255051,4,129,0.1374903870435297,0.2986396616347892,0.8838187916533279,COMPLETE
51,18.227196757761213,2023-09-16 00:13:50.029626,2023-09-16 00:13:59.130900,0 days 00:00:09.101274,0.4412549129318371,0.04128622514363676,4,111,0.14503490611564707,0.3207049813185179,0.8873581995280756,COMPLETE
52,18.18046745001485,2023-09-16 00:13:59.130900,2023-09-16 00:14:09.851209,0 days 00:00:10.720309,0.5042982388135284,0.048713811377308666,4,123,0.18769955931846577,0.3003751963764031,0.8869998430818421,COMPLETE
53,19.05382566724874,2023-09-16 00:14:09.851209,2023-09-16 00:14:20.226581,0 days 00:00:10.375372,0.4772789865519932,0.10083563813203014,4,124,0.26144360822701845,0.30675595823338286,0.882424365265542,COMPLETE
54,18.411673210853586,2023-09-16 00:14:20.226581,2023-09-16 00:14:26.766980,0 days 00:00:06.540399,0.4117221902379069,0.05006405115675974,3,90,0.18936008530986218,0.32834292512598723,0.9637380400982113,COMPLETE
55,18.593922673126606,2023-09-16 00:14:26.766980,2023-09-16 00:14:33.343182,0 days 00:00:06.576202,0.3929266983572672,0.15100790577550233,3,94,0.18326642080430838,0.3366451788059534,0.9752139596561054,COMPLETE
56,18.26967950893316,2023-09-16 00:14:33.343182,2023-09-16 00:14:38.556837,0 days 00:00:05.213655,0.5574385567504799,0.09419888558891246,3,54,0.2042921704027027,0.4433007603270615,0.9647683855098601,COMPLETE
57,18.35229132188571,2023-09-16 00:14:38.556837,2023-09-16 00:14:43.627336,0 days 00:00:05.070499,0.5240778538908197,0.19254080465002418,3,55,0.30306513909576027,0.453426621811882,0.9964905594521333,COMPLETE
58,18.380414599167548,2023-09-16 00:14:43.627336,2023-09-16 00:14:49.418009,0 days 00:00:05.790673,0.5324491419027153,0.19296819949522975,4,52,0.295744155263001,0.4653076181152462,0.9047740256254372,COMPLETE
59,19.30103044316309,2023-09-16 00:14:49.433634,2023-09-16 00:15:05.578507,0 days 00:00:16.144873,0.5486669854426944,0.1384621683050963,4,198,0.3407945285891159,0.3798584405772413,0.9929060060065844,COMPLETE
60,18.160894446502994,2023-09-16 00:15:05.578507,2023-09-16 00:15:14.306999,0 days 00:00:08.728492,0.48501975973541334,0.09178121417699604,3,118,0.24208556102485257,0.4735187089648715,0.8785682942026143,COMPLETE
61,18.205224662542225,2023-09-16 00:15:14.306999,2023-09-16 00:15:23.377043,0 days 00:00:09.070044,0.48901535691301196,0.09981966577476796,3,124,0.2663073416115321,0.4556829461187324,0.8313097373069234,COMPLETE
62,18.15618728605823,2023-09-16 00:15:23.392669,2023-09-16 00:15:32.167584,0 days 00:00:08.774915,0.4664487059830981,0.09263245326970924,3,123,0.2504866162606796,0.5271708058321658,0.8371653796078543,COMPLETE
63,18.31226624273998,2023-09-16 00:15:32.167584,2023-09-16 00:15:39.040153,0 days 00:00:06.872569,0.4608615903584878,0.07852875820277277,3,86,0.23552387442681016,0.5393383330725062,0.8332737031574032,COMPLETE
64,18.238343092524712,2023-09-16 00:15:39.040153,2023-09-16 00:15:47.405656,0 days 00:00:08.365503,0.4261114828092201,0.10186582252072597,3,118,0.26497167193381166,0.5804944636677422,0.8033769316604773,COMPLETE
65,18.651838706749952,2023-09-16 00:15:47.405656,2023-09-16 00:16:02.375154,0 days 00:00:14.969498,0.41058268434009093,0.13867013001618392,3,253,0.2638121280210984,0.5829320459405627,0.8628761402225811,COMPLETE
66,19.99970167538745,2023-09-16 00:16:02.375154,2023-09-16 00:16:11.446097,0 days 00:00:09.070943,0.487159730678574,0.23079396692225032,3,123,0.3589095765990564,0.5929590777104686,0.8021717886549407,COMPLETE
67,18.16988200380106,2023-09-16 00:16:11.446097,2023-09-16 00:16:23.753233,0 days 00:00:12.307136,0.43144731930600494,0.09662185455906962,3,198,0.4133988984402426,0.48324384367999074,0.9219841535849022,COMPLETE
68,18.671112681872692,2023-09-16 00:16:23.753233,2023-09-16 00:16:34.849023,0 days 00:00:11.095790,0.36046806161822387,0.16582838479928283,3,189,0.42780621833168275,0.49390186728402463,0.8320475516333008,COMPLETE
69,18.393569570555798,2023-09-16 00:16:34.849023,2023-09-16 00:16:48.506198,0 days 00:00:13.657175,0.44067309720281433,0.10336900515752889,3,224,0.3942038220197431,0.49340323063623476,0.9195170910500106,COMPLETE
70,19.190387602248524,2023-09-16 00:16:48.506198,2023-09-16 00:16:58.911633,0 days 00:00:10.405435,0.3376533613991363,0.20264419410790663,4,151,0.3371576290029299,0.5699932668693967,0.8691919730105814,COMPLETE
71,18.202531744372642,2023-09-16 00:16:58.911633,2023-09-16 00:17:06.822716,0 days 00:00:07.911083,0.43597936169063956,0.09081988444647117,3,111,0.2841225156083644,0.4243703299357788,0.9141531395023699,COMPLETE
72,18.085614667102895,2023-09-16 00:17:06.822716,2023-09-16 00:17:15.205104,0 days 00:00:08.382388,0.506474445096195,0.08688470298007339,3,112,0.28444590709008466,0.4132361741537962,0.9261185318455714,COMPLETE
73,18.66961327015764,2023-09-16 00:17:15.220729,2023-09-16 00:17:21.545149,0 days 00:00:06.324420,0.4840648365522142,0.13802683065534793,3,79,0.31383686681352635,0.4119082658790299,0.9271644435324307,COMPLETE
74,18.335835289978085,2023-09-16 00:17:21.560774,2023-09-16 00:17:35.412950,0 days 00:00:13.852176,0.464170871966741,0.04157580733939097,4,176,0.28330766124071705,0.36596871156531013,0.890337547369526,COMPLETE
75,18.487577982545265,2023-09-16 00:17:35.412950,2023-09-16 00:17:44.988091,0 days 00:00:09.575141,0.5010041331198254,0.08071450583899914,4,106,0.24505231441806483,0.4170295215043607,0.8521989255029973,COMPLETE
76,19.25709380362442,2023-09-16 00:17:45.004225,2023-09-16 00:17:54.406061,0 days 00:00:09.401836,0.44872654709746784,0.15750796170590295,3,139,0.3811284330836909,0.43857914888040794,0.9186675179682047,COMPLETE
77,18.441830950233857,2023-09-16 00:17:54.406061,2023-09-16 00:18:01.255543,0 days 00:00:06.849482,0.4404769691554288,0.12698331228748042,4,76,0.34543519962850056,0.391857964952494,0.9528196764409529,COMPLETE
78,18.646901744042175,2023-09-16 00:18:01.255543,2023-09-16 00:18:09.536218,0 days 00:00:08.280675,0.4921610549662805,0.031964354927091244,3,110,0.21687570011730228,0.46978548469390313,0.8318201303654915,COMPLETE
79,18.20347797895156,2023-09-16 00:18:09.536218,2023-09-16 00:18:20.270844,0 days 00:00:10.734626,0.3875640873316736,0.0782009606401064,3,176,0.4826679685394951,0.5122784582011228,0.8753019219900766,COMPLETE
80,18.11301381089417,2023-09-16 00:18:20.270844,2023-09-16 00:18:33.390929,0 days 00:00:13.120085,0.5777592316959567,0.07876946285334006,3,173,0.47403952113500936,0.5119921144262646,0.7825174616658603,COMPLETE
81,18.46525408360311,2023-09-16 00:18:33.390929,2023-09-16 00:18:46.341606,0 days 00:00:12.950677,0.568637270414339,0.08334109702533105,3,172,0.511717726238802,0.523306851667566,0.7882798157554947,COMPLETE
82,18.171916331614224,2023-09-16 00:18:46.341606,2023-09-16 00:19:02.412019,0 days 00:00:16.070413,0.6028802124389449,0.07165323857666578,3,219,0.4751159053450512,0.5128487429331718,0.8596508065761383,COMPLETE
83,18.309548545785113,2023-09-16 00:19:02.412019,2023-09-16 00:19:18.449769,0 days 00:00:16.037750,0.6162418818211993,0.07557803968899546,3,217,0.4563873245083278,0.5090961992437073,0.8614419822771,COMPLETE
84,18.9627616239988,2023-09-16 00:19:18.449769,2023-09-16 00:19:29.279071,0 days 00:00:10.829302,0.5193296904927914,0.12683930202864838,3,153,0.4152458265696146,0.5518989990377368,0.9362521140996519,COMPLETE
85,19.36925945410401,2023-09-16 00:19:29.279071,2023-09-16 00:19:47.765528,0 days 00:00:18.486457,0.5927352162455178,0.16713553299536643,3,264,0.5442772479210607,0.4939079963170008,0.9028477969758621,COMPLETE
86,18.922945848097918,2023-09-16 00:19:47.765528,2023-09-16 00:20:19.576299,0 days 00:00:31.810771,0.3920061292569636,0.061946654086257824,10,183,0.4485671920566171,0.6132429785177249,0.9449857215555384,COMPLETE
87,18.19540990953024,2023-09-16 00:20:19.576299,2023-09-16 00:20:35.554432,0 days 00:00:15.978133,0.5368976838247597,0.027253507115597986,3,235,0.4710524734663329,0.5185488308851359,0.8701363341671807,COMPLETE
88,18.252377602860264,2023-09-16 00:20:35.570067,2023-09-16 00:20:56.903036,0 days 00:00:21.332969,0.6130600328471025,0.02897225432631137,4,238,0.3777954748627412,0.4758895259133099,0.853351024091739,COMPLETE
89,84.12493235411766,2023-09-16 00:20:56.903036,2023-09-16 00:21:11.339462,0 days 00:00:14.436426,0.5411684257929437,0.001013153016486107,3,208,0.40404700244716785,0.43565838519936295,0.8138759766223241,COMPLETE
90,18.820713120315634,2023-09-16 00:21:11.339462,2023-09-16 00:21:24.844842,0 days 00:00:13.505380,0.5768897937866551,0.11648344936094755,4,140,0.3240115315179226,0.5421903081620542,0.7866384603911772,COMPLETE
91,18.11410521116975,2023-09-16 00:21:24.844842,2023-09-16 00:21:40.750526,0 days 00:00:15.905684,0.5145534074506897,0.06129345213469228,3,238,0.4811453285135551,0.5148400592260111,0.8766958304085916,COMPLETE
92,18.153560068754565,2023-09-16 00:21:40.750526,2023-09-16 00:21:56.270053,0 days 00:00:15.519527,0.5095298545942069,0.052099336912192616,3,237,0.5231986830809414,0.5077771659116569,0.9109590512123297,COMPLETE
93,18.167156966645404,2023-09-16 00:21:56.270053,2023-09-16 00:22:15.603031,0 days 00:00:19.332978,0.5521898253824806,0.020519774653031744,3,287,0.5067971881510844,0.48102465063541505,0.877892683942787,COMPLETE
94,18.186137254056714,2023-09-16 00:22:15.603031,2023-09-16 00:22:38.042691,0 days 00:00:22.439660,0.5025882071048804,0.024214942136080157,4,291,0.5174148993869074,0.47104739016344555,0.8965632198486968,COMPLETE
95,18.112305228985246,2023-09-16 00:22:38.058316,2023-09-16 00:22:56.531234,0 days 00:00:18.472918,0.5640819820627986,0.04994102408277512,3,279,0.5795430571091632,0.5593594775298741,0.9739195339391382,COMPLETE
96,18.207666138071573,2023-09-16 00:22:56.531234,2023-09-16 00:23:16.821343,0 days 00:00:20.290109,0.5648395771899936,0.06382859018751273,3,309,0.5946938687644538,0.6222951459336844,0.9676450324183822,COMPLETE
97,18.376883726891894,2023-09-16 00:23:16.821343,2023-09-16 00:23:31.871164,0 days 00:00:15.049821,0.4651749494410278,0.05424656854061921,3,243,0.4981942834231059,0.5595596496840199,0.9321960063264467,COMPLETE
98,18.748178986590187,2023-09-16 00:23:31.871164,2023-09-16 00:23:50.531654,0 days 00:00:18.660490,0.5936112422755251,0.11845787691897278,3,274,0.5310837997023974,0.5228587422486017,0.9773706369527722,COMPLETE
99,19.656599715191664,2023-09-16 00:23:50.547291,2023-09-16 00:24:12.845697,0 days 00:00:22.298406,0.5486659786080086,0.1548246404805942,3,346,0.5602283987232451,0.4842165863595187,0.9561251748161228,COMPLETE
100,18.391580473021556,2023-09-16 00:24:12.845697,2023-09-16 00:24:29.822754,0 days 00:00:16.977057,0.5212421766965162,0.014462331075231996,3,263,0.49140627680036797,0.5144513221494611,0.9137325201796213,COMPLETE
101,18.25928017301236,2023-09-16 00:24:29.822754,2023-09-16 00:24:46.235025,0 days 00:00:16.412271,0.507705718692496,0.05409170804786253,4,199,0.5859878281580962,0.5331487443852069,0.8457131560374359,COMPLETE
