number,value,datetime_start,datetime_complete,duration,params_colsample_bytree,params_learning_rate,params_max_depth,params_n_estimators,params_reg_alpha,params_reg_lambda,params_subsample,state
714,24.802748267083604,2023-09-16 05:48:19.458163,2023-09-16 05:48:43.456058,0 days 00:00:23.997895,0.5424492598761844,0.456973930846412,3,357,0.7273989607425138,0.5439471686183464,0.8175983248771709,COMPLETE
715,19.509616382966854,2023-09-16 05:48:43.456058,2023-09-16 05:50:20.098410,0 days 00:01:36.642352,0.7081871949542151,0.2080116298610022,8,504,0.6492193970151436,0.7093779246970543,0.7309869088484192,COMPLETE
716,27.353072784447466,2023-09-16 05:50:20.098410,2023-09-16 05:50:57.223913,0 days 00:00:37.125503,0.687589396979563,0.6401308388788486,4,374,0.5833167608712501,0.817522479243652,0.6473721364060949,COMPLETE
717,25.91427403331347,2023-09-16 05:50:57.223913,2023-09-16 05:51:14.893447,0 days 00:00:17.669534,0.4405774215009636,0.5995389610917505,3,280,0.5238116166225213,0.7350515034670686,0.6740988273532332,COMPLETE
718,18.1287328220589,2023-09-16 05:51:14.893447,2023-09-16 05:51:43.157411,0 days 00:00:28.263964,0.5649016381955912,0.05666051903943645,3,390,0.989677872843707,0.6836187208210632,0.5156237206006664,COMPLETE
719,19.69597752112387,2023-09-16 05:51:43.157411,2023-09-16 05:52:19.764841,0 days 00:00:36.607430,0.6481530843503759,0.13777117902836616,3,490,0.47477680918950876,0.6448913682104687,0.704288183713928,COMPLETE
720,18.086027976909264,2023-09-16 05:52:19.764841,2023-09-16 05:52:37.946585,0 days 00:00:18.181744,0.34425551674065835,0.030540351828370903,3,319,0.592443369332638,0.42962152639969986,0.6333911756254254,COMPLETE
721,21.703106282502112,2023-09-16 05:52:37.946585,2023-09-16 05:53:09.896754,0 days 00:00:31.950169,0.7595292714009583,0.2585055680715501,3,368,0.5684328104734111,0.19746099335705103,0.5422019086435484,COMPLETE
722,20.26903875737137,2023-09-16 05:53:09.896754,2023-09-16 05:53:37.769533,0 days 00:00:27.872779,0.5996265846577457,0.0700841980086441,4,524,0.5119543759659999,0.5063958771324273,0.05397050767324646,COMPLETE
723,30.530513951159328,2023-09-16 05:53:37.769533,2023-09-16 05:53:50.348762,0 days 00:00:12.579229,0.08792129895842193,0.722152921615991,3,350,0.7903271309172103,0.7187284648689156,0.3541525943535839,COMPLETE
724,18.941840342410963,2023-09-16 05:53:50.348762,2023-09-16 05:54:25.422827,0 days 00:00:35.074065,0.7218484251389259,0.04514393686540971,5,294,0.5459691491079356,0.6693607698497775,0.860422086845465,COMPLETE
725,17.98106717177002,2023-09-16 05:54:25.422827,2023-09-16 05:55:02.394831,0 days 00:00:36.972004,0.69651130584632,0.01745868448236295,3,461,0.5439092157441918,0.6936165559466,0.6226794703410601,COMPLETE
726,27.96045097355536,2023-09-16 05:55:02.394831,2023-09-16 05:55:40.688779,0 days 00:00:38.293948,0.7351720556620209,0.6627257303474975,3,462,0.5633160059718075,0.5870508502898648,0.6142851962526235,COMPLETE
727,17.982920600366974,2023-09-16 05:55:40.688779,2023-09-16 05:56:18.741097,0 days 00:00:38.052318,0.7037688923242736,0.018492383183548684,3,473,0.5849272022239318,0.617426357460065,0.6252266871137062,COMPLETE
728,57.578348927682384,2023-09-16 05:56:18.741097,2023-09-16 05:56:56.664758,0 days 00:00:37.923661,0.6959918858325053,0.001252406591988789,3,481,0.5615135685990209,0.6126211797053187,0.6276750803061872,COMPLETE
729,18.08530699202516,2023-09-16 05:56:56.664758,2023-09-16 05:57:23.342010,0 days 00:00:26.677252,0.381556963585911,0.016596419841289258,3,472,0.5540038374359239,0.6287632332816857,0.6494392641000174,COMPLETE
730,29.914267979383652,2023-09-16 05:57:23.342010,2023-09-16 05:57:45.129076,0 days 00:00:21.787066,0.21678282291518308,0.6858404559986288,3,491,0.6142063714044945,0.5962177637063879,0.6226300084406304,COMPLETE
731,25.665492729606854,2023-09-16 05:57:45.129076,2023-09-16 05:58:22.506933,0 days 00:00:37.377857,0.7057597399922374,0.5490761265688788,3,468,0.5352536633101951,0.6162551419440732,0.6508542488437494,COMPLETE
732,19.729704150519293,2023-09-16 05:58:22.506933,2023-09-16 05:59:02.032344,0 days 00:00:39.525411,0.683516362755613,0.1691772232425343,3,500,0.5954694328606713,0.8873507600490222,0.6054663900874185,COMPLETE
733,18.12977065937247,2023-09-16 05:59:02.032344,2023-09-16 05:59:31.221936,0 days 00:00:29.189592,0.6750952903860629,0.026598897218174086,3,459,0.5019954980382035,0.6418135607309551,0.21438026638780977,COMPLETE
734,18.582214492817272,2023-09-16 05:59:31.221936,2023-09-16 05:59:53.211524,0 days 00:00:21.989588,0.24021483660534265,0.09755605093338891,3,480,0.5832736185973925,0.6553809386185391,0.6681324791714477,COMPLETE
735,31.992347338617453,2023-09-16 05:59:53.211524,2023-09-16 06:00:29.364662,0 days 00:00:36.153138,0.702634745928711,0.9650275944219036,3,453,0.5410029958611136,0.9227413244246478,0.6283708325118977,COMPLETE
736,19.077908529465553,2023-09-16 06:00:29.380286,2023-09-16 06:03:19.508366,0 days 00:02:50.128080,0.7184486475263149,0.049747176596108986,12,516,0.5455025417769253,0.09801753438019856,0.6389056386363756,COMPLETE
737,18.10532048524707,2023-09-16 06:03:19.508366,2023-09-16 06:04:02.255082,0 days 00:00:42.746716,0.923659723565255,0.017518848013292457,3,438,0.5807529889316939,0.014131275610600125,0.6018793116787512,COMPLETE
738,27.744404057974144,2023-09-16 06:04:02.255082,2023-09-16 06:04:39.527840,0 days 00:00:37.272758,0.6907312351022507,0.6301653120235235,3,474,0.5527446693640915,0.5675971884673816,0.6588290102311559,COMPLETE
739,92.90929339843701,2023-09-16 06:04:39.527840,2023-09-16 06:04:59.541127,0 days 00:00:20.013287,0.12647384421668922,0.00021957435193996344,4,485,0.5246347277863321,0.9344541834539756,0.6922448990448324,COMPLETE
740,27.34448288752289,2023-09-16 06:04:59.550634,2023-09-16 06:05:35.923112,0 days 00:00:36.372478,0.6696500292563635,0.6199263110756412,3,468,0.6101233348850819,0.09980502806807723,0.6181304917234527,COMPLETE
741,19.322172206997134,2023-09-16 06:05:35.923112,2023-09-16 06:06:02.443035,0 days 00:00:26.519923,0.7086820054894992,0.07078450962588219,3,499,0.9482157664816644,0.5990451388968252,0.08639593356547365,COMPLETE
742,19.68578755587055,2023-09-16 06:06:02.443035,2023-09-16 06:06:21.747170,0 days 00:00:19.304135,0.27089115178956047,0.15650272087034303,3,404,0.5672634822928129,0.6306165023047833,0.38031294115316455,COMPLETE
743,17.838948195746013,2023-09-16 06:06:21.747170,2023-09-16 06:06:56.071075,0 days 00:00:34.323905,0.6591106781161146,0.03665415765619678,3,441,0.5532465158240171,0.6530689127970454,0.6401022681410813,COMPLETE
744,35.19674192705578,2023-09-16 06:06:56.071075,2023-09-16 06:07:30.558055,0 days 00:00:34.486980,0.653643013803347,0.9193670624503546,3,441,0.5971466158558091,0.2902174512434041,0.642784439013072,COMPLETE
745,17.99448994018922,2023-09-16 06:07:30.558055,2023-09-16 06:08:05.471091,0 days 00:00:34.913036,0.6639261524106502,0.04516145405848544,3,450,0.5218248804554465,0.6498315557968252,0.6569582714617455,COMPLETE
746,23.294383844513654,2023-09-16 06:08:05.471091,2023-09-16 06:08:38.439183,0 days 00:00:32.968092,0.6258760912661268,0.4365249846344594,3,444,0.5128637340604711,0.6211252250316833,0.665256210404466,COMPLETE
747,25.437460242791285,2023-09-16 06:08:38.439183,2023-09-16 06:09:11.311637,0 days 00:00:32.872454,0.6569266867518708,0.5521706357861844,3,431,0.5717144720909448,0.6432869195375613,0.6799015449330524,COMPLETE
748,18.258856143281527,2023-09-16 06:09:11.311637,2023-09-16 06:09:53.527162,0 days 00:00:42.215525,0.6399059768568401,0.08383402573272258,4,449,0.5454766311521838,0.9548229509059497,0.6560621791007435,COMPLETE
749,35.9218175905778,2023-09-16 06:09:53.527162,2023-09-16 06:10:26.892456,0 days 00:00:33.365294,0.664155337744452,0.7641505238022939,3,431,0.48555865430384026,0.6344439841246617,0.6380048018122775,COMPLETE
750,34.31210692136129,2023-09-16 06:10:26.892456,2023-09-16 06:11:00.548284,0 days 00:00:33.655828,0.6308354130053707,0.8581744951974831,3,454,0.5214625799466214,0.6013716970324952,0.673048136479912,COMPLETE
751,29.950580056577508,2023-09-16 06:11:00.563920,2023-09-16 06:11:33.328662,0 days 00:00:32.764742,0.6075478927348305,0.7405966423192597,3,446,0.5516839831479156,0.6553201664895851,0.6303786355644885,COMPLETE
752,18.558125053876466,2023-09-16 06:11:33.328662,2023-09-16 06:12:06.018292,0 days 00:00:32.689630,0.6743676002229966,0.058560502772699995,3,422,0.49735863876762926,0.6175886412980038,0.6953610369937715,COMPLETE
753,20.056557492937863,2023-09-16 06:12:06.018292,2023-09-16 06:13:09.146145,0 days 00:01:03.127853,0.41354524201137877,0.3175057868871447,9,460,0.5233879650100415,0.5788097995011194,0.9999634742866204,COMPLETE
754,31.51660780490558,2023-09-16 06:13:09.146145,2023-09-16 06:13:42.761118,0 days 00:00:33.614973,0.6614390874382076,0.727468013411194,3,435,0.5570199593056578,0.6555357251902116,0.6460456258545534,COMPLETE
755,18.173666279506243,2023-09-16 06:13:42.776754,2023-09-16 06:14:13.894982,0 days 00:00:31.118228,0.526937529444537,0.04369180330291455,3,464,0.5345309745521691,0.6402444026044574,0.6588505761283708,COMPLETE
756,20.01820035956779,2023-09-16 06:14:13.910608,2023-09-16 06:14:37.574194,0 days 00:00:23.663586,0.6805503581498275,0.10317371502441097,3,430,0.5637406720639331,0.46326704900141824,0.10853713899978729,COMPLETE
757,26.988741016405072,2023-09-16 06:14:37.574194,2023-09-16 06:15:12.307235,0 days 00:00:34.733041,0.6589289425392136,0.6669238723485883,3,447,0.46080985208983793,0.6640918571054357,0.6179064623430593,COMPLETE
758,33.6754073520199,2023-09-16 06:15:12.322859,2023-09-16 06:15:43.131193,0 days 00:00:30.808334,0.6406968138191882,0.734545567845092,3,457,0.5975217388195175,0.6690623390214578,0.29397803506391845,COMPLETE
759,31.436049588877847,2023-09-16 06:15:43.131193,2023-09-16 06:16:11.959342,0 days 00:00:28.828149,0.621720915105284,0.7802070559491664,3,416,0.6159065697264325,0.6160915286895182,0.9042984234269386,COMPLETE
760,18.260330618240765,2023-09-16 06:16:11.959342,2023-09-16 06:16:37.755832,0 days 00:00:25.796490,0.3603545615218537,0.06089741936002768,3,473,0.5014904733464214,0.8424493150131406,0.6773702077887732,COMPLETE
761,22.76528045323883,2023-09-16 06:16:37.755832,2023-09-16 06:17:19.658820,0 days 00:00:41.902988,0.6895296020630862,0.4057301105179619,4,424,0.5192289106099329,0.8993487816569445,0.6365892944814412,COMPLETE
762,18.182777046133445,2023-09-16 06:17:19.658820,2023-09-16 06:17:49.116015,0 days 00:00:29.457195,0.506535875871346,0.03997766656752027,3,441,0.5434955124594639,0.31219051305459417,0.7063929398420077,COMPLETE
763,18.525343168205776,2023-09-16 06:17:49.116015,2023-09-16 06:18:07.258053,0 days 00:00:18.142038,0.2026102996312502,0.06800497636227268,3,410,0.7273208652773198,0.9666331976182809,0.6143767793505126,COMPLETE
764,31.085311522430896,2023-09-16 06:18:07.258053,2023-09-16 06:18:47.319039,0 days 00:00:40.060986,0.788514557355328,0.5991319848957005,3,465,0.19543306061610677,0.6404539198927256,0.6536842967603241,COMPLETE
765,18.206773657644,2023-09-16 06:18:47.319039,2023-09-16 06:19:20.322770,0 days 00:00:33.003731,0.6439383374334167,0.03311826991359623,3,446,0.8882465949342921,0.5413298346400738,0.751981539188372,COMPLETE
766,21.6736083509872,2023-09-16 06:19:20.338397,2023-09-16 06:19:33.787307,0 days 00:00:13.448910,0.06250975116525959,0.4210306935621459,3,397,0.7016109978972191,0.6770700755870939,0.6330619075551103,COMPLETE
767,27.86735914169835,2023-09-16 06:19:33.787307,2023-09-16 06:20:01.580543,0 days 00:00:27.793236,0.5805265338257222,0.7036830713393338,3,387,0.5796655496004045,0.9392751679292352,0.6716763634344954,COMPLETE
768,21.359785769113888,2023-09-16 06:20:01.580543,2023-09-16 06:20:32.945161,0 days 00:00:31.364618,0.6726414196100161,0.17906149304417662,4,415,0.3054200885543879,0.6528924357989119,0.1954692202434209,COMPLETE
769,20.9666689954462,2023-09-16 06:20:32.945161,2023-09-16 06:21:07.774603,0 days 00:00:34.829442,0.6846559421703333,0.27855511839248304,3,435,0.26300326200283686,0.5960386048332454,0.6004904554408013,COMPLETE
770,28.64734804941994,2023-09-16 06:21:07.774603,2023-09-16 06:21:39.745257,0 days 00:00:31.970654,0.6018264219430682,0.7632097759553709,3,455,0.7944361499897847,0.6271125123094269,0.7715550107829937,COMPLETE
771,20.455058872803352,2023-09-16 06:21:39.745257,2023-09-16 06:22:04.219537,0 days 00:00:24.474280,0.720278830576098,0.1196296647144029,3,383,0.5314844011629215,0.561846941617966,0.16189770376592771,COMPLETE
772,18.52509076226611,2023-09-16 06:22:04.219537,2023-09-16 06:22:40.325774,0 days 00:00:36.106237,0.6499457850511171,0.08264961415496597,3,479,0.8328416238252632,0.6774548105301565,0.7163835598148474,COMPLETE
773,20.633618194266884,2023-09-16 06:22:40.325774,2023-09-16 06:23:13.352288,0 days 00:00:33.026514,0.6979817961620878,0.2341093732712885,3,405,0.36677620389777765,0.8682242655801398,0.6211800967608027,COMPLETE
774,18.33986746432651,2023-09-16 06:23:13.358295,2023-09-16 06:23:46.941376,0 days 00:00:33.583081,0.6281206990780908,0.04928330517029274,3,472,0.47901888804892245,0.22061007991328785,0.8315549510279847,COMPLETE
775,18.11481602200264,2023-09-16 06:23:46.957002,2023-09-16 06:24:23.835418,0 days 00:00:36.878416,0.8066532367890528,0.022014627155246512,3,422,0.5600357482444018,0.6501479832241961,0.6876554777905148,COMPLETE
776,18.840047912926394,2023-09-16 06:24:23.835418,2023-09-16 06:26:14.203079,0 days 00:01:50.367661,0.6641513800508525,0.035951444552872046,11,392,0.48914494369008155,0.2737653215380268,0.6546822269170447,COMPLETE
777,24.838750725602004,2023-09-16 06:26:14.218712,2023-09-16 06:26:57.681665,0 days 00:00:43.462953,0.735948899322884,0.48080079433627965,4,464,0.33566734227339434,0.5228084922437539,0.9508437909983913,COMPLETE
778,25.047739651719976,2023-09-16 06:26:57.681665,2023-09-16 06:27:13.742912,0 days 00:00:16.061247,0.46827960636470867,0.5671078220274444,3,237,0.4220078081245131,0.610506588204312,0.6396943378632769,COMPLETE
779,18.22345991098284,2023-09-16 06:27:13.742912,2023-09-16 06:27:39.387323,0 days 00:00:25.644411,0.6818840844842392,0.05739060675001714,3,380,0.21093218441687556,0.6802421697614318,0.2399818879254469,COMPLETE
780,40.14305340570026,2023-09-16 06:27:39.387323,2023-09-16 06:28:44.545164,0 days 00:01:05.157841,0.7103987112350879,0.8602510918944715,6,452,0.1667010110911824,0.1096340852298231,0.6086851282001953,COMPLETE
781,83.70475424303152,2023-09-16 06:28:44.545164,2023-09-16 06:29:34.991321,0 days 00:00:50.446157,0.7764444560572697,0.0005489282370114909,5,401,0.4359364795819033,0.6278582368823414,0.7343391418583145,COMPLETE
782,18.78807621308114,2023-09-16 06:29:34.991321,2023-09-16 06:30:08.514329,0 days 00:00:33.523008,0.6439612041982938,0.08599674348121591,3,439,0.508436725254758,0.6583413991765765,0.6630746454178359,COMPLETE
783,18.84547508013614,2023-09-16 06:30:08.514329,2023-09-16 06:30:41.626850,0 days 00:00:33.112521,0.6695763362818692,0.1503061739452224,3,416,0.5897595075213851,0.6830304289436728,0.5941989065311382,COMPLETE
784,18.077530390588766,2023-09-16 06:30:41.626850,2023-09-16 06:31:12.336165,0 days 00:00:30.709315,0.6942284114085944,0.018273951961823978,3,379,0.6193933637086484,0.5907735274937537,0.6308675005764548,COMPLETE
785,18.27042823204703,2023-09-16 06:31:12.336165,2023-09-16 06:31:47.930833,0 days 00:00:35.594668,0.6115468438057272,0.041142599374568996,3,488,0.1864796415722088,0.6404077715348605,0.6800718031026787,COMPLETE
786,18.513999273804455,2023-09-16 06:31:47.942345,2023-09-16 06:32:05.067627,0 days 00:00:17.125282,0.2249742853449132,0.07012022662190763,3,369,0.2552050796193825,0.6619161392530591,0.6486558093580422,COMPLETE
787,21.65140034660834,2023-09-16 06:32:05.067627,2023-09-16 06:32:37.237732,0 days 00:00:32.170105,0.5664605000000907,0.18977843447239384,4,459,0.7983223475720624,0.6909344253289643,0.2215165173806768,COMPLETE
788,44.4684185790318,2023-09-16 06:32:37.240241,2023-09-16 06:33:01.383933,0 days 00:00:24.143692,0.7221563306935167,0.5095986202271081,3,429,0.3178521973287766,0.4934095705636538,0.10698628957385498,COMPLETE
789,33.73443830001515,2023-09-16 06:33:01.383933,2023-09-16 06:33:35.051580,0 days 00:00:33.667647,0.7448946936431194,0.6842995646842246,3,399,0.28693144509368246,0.21338594051516446,0.6203113005205293,COMPLETE
790,50.66741678614288,2023-09-16 06:33:35.051580,2023-09-16 06:34:05.056811,0 days 00:00:30.005231,0.5463558431635049,0.9975339895581412,3,475,0.5476082358386265,0.7935055592933296,0.3269646966044164,COMPLETE
791,18.006918304677974,2023-09-16 06:34:05.056811,2023-09-16 06:34:35.393321,0 days 00:00:30.336510,0.6514577833467404,0.02032775399258248,3,387,0.37685812778406225,0.852240910922803,0.5980133612709275,COMPLETE
792,24.955161068248337,2023-09-16 06:34:35.408954,2023-09-16 06:35:11.035537,0 days 00:00:35.626583,0.9429932521421369,0.42160942373571453,3,366,0.14239165260802697,0.16992275253440625,0.6932184333199986,COMPLETE
793,18.56474052789533,2023-09-16 06:35:11.035537,2023-09-16 06:35:31.917628,0 days 00:00:20.882091,0.6828001267329779,0.10485278913445029,3,266,0.2331376857745483,0.614280379004218,0.8053944407163638,COMPLETE
794,18.329553392917497,2023-09-16 06:35:31.917628,2023-09-16 06:35:43.988849,0 days 00:00:12.071221,0.29850746604409134,0.05405590882896688,3,217,0.09251652188368976,0.20477610810086022,0.667684033711178,COMPLETE
795,18.879926349416877,2023-09-16 06:35:44.000358,2023-09-16 06:35:51.414556,0 days 00:00:07.414198,0.6325570255979354,0.03693352635734616,3,74,0.23130542740130572,0.36994205843508016,0.4368491637498716,COMPLETE
796,23.133993063347667,2023-09-16 06:35:51.430067,2023-09-16 06:36:21.338007,0 days 00:00:29.907940,0.7057390677132942,0.35100101511123394,3,443,0.8230079194590308,0.6328691722369915,0.2373296426835137,COMPLETE
797,29.787203551913144,2023-09-16 06:36:21.338007,2023-09-16 06:36:48.082144,0 days 00:00:26.744137,0.39879272316060244,0.8005593323365197,3,461,0.5695817664153666,0.6687793872205686,0.6438088762834112,COMPLETE
798,36.48284782187967,2023-09-16 06:36:48.082144,2023-09-16 06:37:28.411099,0 days 00:00:40.328955,0.6629306622597062,0.839435726823196,4,418,0.34029681225596214,0.13153395041895377,0.6179369407453137,COMPLETE
799,40.393078054024976,2023-09-16 06:37:28.411099,2023-09-16 06:38:06.941956,0 days 00:00:38.530857,0.9642630051312007,0.8937469833911338,3,376,0.5301173784731632,0.5810781110298641,0.5911322577183445,COMPLETE
800,21.427884041043036,2023-09-16 06:38:06.957581,2023-09-16 06:38:40.544412,0 days 00:00:33.586831,0.7593935009745953,0.30481705313678215,3,404,0.39189169923055134,0.6457599042281669,0.7260293684130251,COMPLETE
801,25.47554674560694,2023-09-16 06:38:40.544412,2023-09-16 06:39:09.811259,0 days 00:00:29.266847,0.6951488784339329,0.4606089582269373,3,358,0.1208614199635492,0.056207103947786274,0.47062134153892904,COMPLETE
802,29.29496661453627,2023-09-16 06:39:09.811259,2023-09-16 06:39:44.711300,0 days 00:00:34.900041,0.5906076539780958,0.7558733741440048,3,486,0.9107974622567518,0.6888413828234775,0.6398221721194777,COMPLETE
803,39.198127764972604,2023-09-16 06:39:44.711300,2023-09-16 06:40:13.680001,0 days 00:00:28.968701,0.24798715121856207,0.5217784862898892,7,391,0.09413657090784935,0.07270442037815739,0.2963428243723949,COMPLETE
804,19.232833116017844,2023-09-16 06:40:13.680001,2023-09-16 06:40:39.903658,0 days 00:00:26.223657,0.673507432537094,0.0769713968177503,3,434,0.17770633983598297,0.6583162231896444,0.17372950593542824,COMPLETE
805,18.06568821021846,2023-09-16 06:40:39.903658,2023-09-16 06:41:16.603942,0 days 00:00:36.700284,0.7303682280404745,0.01618922884427397,3,448,0.4673868122520498,0.45761342571180397,0.6634065048301554,COMPLETE
806,40.39041749619285,2023-09-16 06:41:16.603942,2023-09-16 06:41:45.672274,0 days 00:00:29.068332,0.6541672728638455,0.7971818068249926,3,371,0.15406010643669105,0.5620095068991446,0.6098444199203286,COMPLETE
807,18.258798208831088,2023-09-16 06:41:45.672274,2023-09-16 06:42:05.762536,0 days 00:00:20.090262,0.2737920104285896,0.05728113842816347,3,411,0.28697143412821974,0.9868102523850916,0.7053064519893792,COMPLETE
808,26.391161826426934,2023-09-16 06:42:05.762536,2023-09-16 06:42:30.714471,0 days 00:00:24.951935,0.3307169185718407,0.6526163186817827,3,469,0.7506721062037027,0.9015223739673629,0.6288733775814306,COMPLETE
809,18.272746054635856,2023-09-16 06:42:30.714471,2023-09-16 06:42:58.804928,0 days 00:00:28.090457,0.4111219021591703,0.03542367748969865,4,391,0.11592327109094831,0.6027976091733033,0.42414527108106576,COMPLETE
810,31.74795285374908,2023-09-16 06:42:58.804928,2023-09-16 06:43:36.862477,0 days 00:00:38.057549,0.8809964690802358,0.8284791468972978,3,425,0.44564870447190075,0.3235079386868038,0.7851882248510588,COMPLETE
811,19.90198620248224,2023-09-16 06:43:36.862477,2023-09-16 06:44:03.195166,0 days 00:00:26.332689,0.6267398112922719,0.22292186127286961,3,358,0.2442908060530071,0.6766408531269824,0.7625956705994971,COMPLETE
812,23.008587758886197,2023-09-16 06:44:03.195166,2023-09-16 06:44:37.925252,0 days 00:00:34.730086,0.7111082393346013,0.2999725587203678,3,454,0.4133065317341613,0.6271301228089106,0.8350514838713832,COMPLETE
813,22.991459367690915,2023-09-16 06:44:37.925252,2023-09-16 06:45:00.233381,0 days 00:00:22.308129,0.6825616186486013,0.2711415575407527,3,382,0.07989469009326236,0.6995794090367882,0.13667549513251848,COMPLETE
814,18.50056773007754,2023-09-16 06:45:00.249014,2023-09-16 06:45:25.308358,0 days 00:00:25.059344,0.3149848715966097,0.09608014381832047,3,487,0.6050956933759257,0.64190305887075,0.6832290141593964,COMPLETE
815,19.448498655531303,2023-09-16 06:45:25.319870,2023-09-16 06:45:47.579266,0 days 00:00:22.259396,0.6165469357387147,0.20432151158890388,3,289,0.1340910988910672,0.781992553044324,0.647036126065264,COMPLETE
816,23.011878741254396,2023-09-16 06:45:47.579266,2023-09-16 06:46:19.058979,0 days 00:00:31.479713,0.7470614192388142,0.39191527011725424,3,370,0.5488912111936052,0.6625016061253503,0.590681420060613,COMPLETE
