number,value,datetime_start,datetime_complete,duration,params_colsample_bytree,params_learning_rate,params_max_depth,params_n_estimators,params_reg_alpha,params_reg_lambda,params_subsample,state
102,18.129691176558506,2023-09-16 00:24:46.235025,2023-09-16 00:25:05.138168,0 days 00:00:18.903143,0.46899224684630075,0.03876029508874581,3,307,0.47125029576564753,0.4496386736703083,0.893826788009658,COMPLETE
103,18.22648499336542,2023-09-16 00:25:05.138168,2023-09-16 00:25:25.302063,0 days 00:00:20.163895,0.5542426673268299,0.024562964581243605,3,306,0.4310362424714247,0.45974264217909805,0.9342874590537114,COMPLETE
104,18.7861026925062,2023-09-16 00:25:25.302063,2023-09-16 00:25:47.191044,0 days 00:00:21.888981,0.47597154551016263,0.08740702882582982,3,379,0.5152404505113428,0.491831876659775,0.9991920144821106,COMPLETE
105,18.2112541662899,2023-09-16 00:25:47.191044,2023-09-16 00:26:06.118038,0 days 00:00:18.926994,0.5774216223591057,0.06472681169897546,3,273,0.47233066329128864,0.5523227625152568,0.880009413736828,COMPLETE
106,18.836572661797927,2023-09-16 00:26:06.118038,2023-09-16 00:26:21.622693,0 days 00:00:15.504655,0.5301082690949175,0.10760111960298398,3,231,0.5440211839271465,0.443757213463121,0.9015783425329809,COMPLETE
107,18.803993155084633,2023-09-16 00:26:21.622693,2023-09-16 00:26:38.538587,0 days 00:00:16.915894,0.4638552277851694,0.1380820049108988,4,216,0.4450025174228572,0.502203683701229,0.8259257310353815,COMPLETE
108,19.255594761956598,2023-09-16 00:26:38.538587,2023-09-16 00:27:56.215273,0 days 00:01:17.676686,0.6325261325376615,0.041573780070186306,12,253,0.6332488723396635,0.4788785669750947,0.8526221083279737,COMPLETE
109,18.187987824062414,2023-09-16 00:27:56.215273,2023-09-16 00:28:07.373599,0 days 00:00:11.158326,0.5126428313087219,0.0912801820632464,3,163,0.46394582743287954,0.42536709840804204,0.9478970296595639,COMPLETE
110,47.80973594190138,2023-09-16 00:28:07.373599,2023-09-16 00:28:34.080391,0 days 00:00:26.706792,0.5622309791598097,0.002472453849106604,4,321,0.4914619527235874,0.5362988969701776,0.77047612139876,COMPLETE
111,18.241953497960715,2023-09-16 00:28:34.080391,2023-09-16 00:28:40.014502,0 days 00:00:05.934111,0.5005848656014485,0.059593126002945834,3,67,0.4388077756706863,0.4607033396519022,0.8865939591188975,COMPLETE
112,18.167715573073753,2023-09-16 00:28:40.014502,2023-09-16 00:28:53.793658,0 days 00:00:13.779156,0.5368219649549532,0.047508096887406745,3,202,0.41381892704179146,0.5699157945307463,0.9171157099732746,COMPLETE
113,18.292940695978835,2023-09-16 00:28:53.793658,2023-09-16 00:29:12.421316,0 days 00:00:18.627658,0.5404454132626811,0.038196903174638294,3,285,0.42394773258602825,0.5622426058926955,0.9244979760510421,COMPLETE
114,18.310331638431357,2023-09-16 00:29:12.421316,2023-09-16 00:29:24.414520,0 days 00:00:11.993204,0.4782204191289105,0.11515675095341765,3,186,0.4730414068824342,0.5927343491868711,0.9702277679854067,COMPLETE
115,18.326221141124208,2023-09-16 00:29:24.414520,2023-09-16 00:29:38.381051,0 days 00:00:13.966531,0.5770329477131224,0.01986430975090435,3,196,0.4081478918376262,0.5005360177423094,0.9044764240695078,COMPLETE
116,18.187098256030154,2023-09-16 00:29:38.381051,2023-09-16 00:29:53.538527,0 days 00:00:15.157476,0.5327884586019047,0.08340157518847723,3,224,0.5055903314236665,0.5393988110411506,0.8700221143904546,COMPLETE
117,18.34098767627482,2023-09-16 00:29:53.538527,2023-09-16 00:30:06.062557,0 days 00:00:12.524030,0.5974018192569087,0.07069200228409142,3,162,0.45892158384540477,0.39831340581599967,0.8085960864369462,COMPLETE
118,19.14453691365761,2023-09-16 00:30:06.062557,2023-09-16 00:30:24.878552,0 days 00:00:18.815995,0.4547649658538007,0.17729245029221258,4,258,0.3884025493549184,0.5659908079751564,0.9191445576960657,COMPLETE
119,18.828246076696033,2023-09-16 00:30:24.878552,2023-09-16 00:30:50.238896,0 days 00:00:25.360344,0.4904215356110266,0.04237125724805984,9,137,0.5306870803203951,0.44708422989102975,0.837804477483077,COMPLETE
120,20.018585885469477,2023-09-16 00:30:50.238896,2023-09-16 00:31:06.011756,0 days 00:00:15.772860,0.42187589478260124,0.21209992170345593,3,278,0.49264677673940316,0.47859333368457274,0.9817528714025244,COMPLETE
121,18.050579311276362,2023-09-16 00:31:06.011756,2023-09-16 00:31:25.565484,0 days 00:00:19.553728,0.5146082522861111,0.050556468008349106,3,305,0.17526135329047612,0.5140785458884243,0.8862678396407935,COMPLETE
122,18.904797108317393,2023-09-16 00:31:25.565484,2023-09-16 00:31:46.001679,0 days 00:00:20.436195,0.5520364286288791,0.09957205108091222,3,305,0.44480248735599937,0.5237523445368911,0.8632534144352595,COMPLETE
123,18.341217168117886,2023-09-16 00:31:46.001679,2023-09-16 00:32:07.581262,0 days 00:00:21.579583,0.5190659330607278,0.022177946700602504,3,344,0.36114834584031963,0.50871937673495,0.9495483148548569,COMPLETE
124,18.94601583474867,2023-09-16 00:32:07.581262,2023-09-16 00:32:20.857380,0 days 00:00:13.276118,0.4690437328923148,0.13444809700985488,3,209,0.21512505511268043,0.6177784934978544,0.895951133781847,COMPLETE
125,18.33091789804347,2023-09-16 00:32:20.873005,2023-09-16 00:32:40.614275,0 days 00:00:19.741270,0.5080365284155325,0.05553351784924814,4,248,0.17213335791787074,0.4853025151075372,0.8468217471756333,COMPLETE
126,19.06349328783574,2023-09-16 00:32:40.614275,2023-09-16 00:33:03.819713,0 days 00:00:23.205438,0.6352873787173192,0.0831783010823948,3,332,0.4171090003867477,0.5772168051607939,0.9313997651420443,COMPLETE
127,82.12250353271489,2023-09-16 00:33:03.835339,2023-09-16 00:33:11.855956,0 days 00:00:08.020617,0.578312868615718,0.002364684566781926,3,100,0.24798647201271443,0.4114934879159427,0.8782126827554202,COMPLETE
128,18.663672296519785,2023-09-16 00:33:11.855956,2023-09-16 00:33:29.319906,0 days 00:00:17.463950,0.44725067345705033,0.11241879507672574,4,238,0.5653822827506898,0.549333546788732,0.9050619205754307,COMPLETE
129,18.166680237374955,2023-09-16 00:33:29.319906,2023-09-16 00:33:43.885075,0 days 00:00:14.565169,0.4847449066583678,0.04210743236153433,3,223,0.3910724467350364,0.45603104174838843,0.8320019727252793,COMPLETE
130,18.196499415647118,2023-09-16 00:33:43.885075,2023-09-16 00:34:06.385828,0 days 00:00:22.500753,0.48217925093247793,0.034400349184578946,3,365,0.40151964613383384,0.432071072247455,0.8227630443382159,COMPLETE
131,18.20405814808796,2023-09-16 00:34:06.385828,2023-09-16 00:34:26.003371,0 days 00:00:19.617543,0.5262715724416122,0.06895788337660161,3,294,0.4745147765989771,0.4615335661104585,0.7519839376684734,COMPLETE
132,18.110209434471358,2023-09-16 00:34:26.003371,2023-09-16 00:34:41.397597,0 days 00:00:15.394226,0.5583676240238602,0.04336419645523619,3,221,0.42847514521997404,0.5255452943087101,0.8862896997943026,COMPLETE
133,18.10083936088081,2023-09-16 00:34:41.397597,2023-09-16 00:34:59.180642,0 days 00:00:17.783045,0.5465337222066604,0.04330295416217217,3,265,0.3799162250837607,0.49812903922746815,0.8842384263402832,COMPLETE
134,18.112545748995647,2023-09-16 00:34:59.180642,2023-09-16 00:35:17.446514,0 days 00:00:18.265872,0.5517610535984038,0.04541543331461414,3,264,0.3739315901053236,0.5371766974692824,0.7965557860155896,COMPLETE
135,18.165358225302533,2023-09-16 00:35:17.446514,2023-09-16 00:35:39.152887,0 days 00:00:21.706373,0.5545215219414512,0.029530256735639585,3,318,0.34994012866261714,0.5305347792603197,0.7983489043549525,COMPLETE
136,18.17480977398018,2023-09-16 00:35:39.152887,2023-09-16 00:36:00.931348,0 days 00:00:21.778461,0.5646252360715552,0.04177812998569276,3,316,0.3580944529141028,0.5244900412739513,0.7884932156132761,COMPLETE
137,86.40086677861042,2023-09-16 00:36:00.931348,2023-09-16 00:36:18.048370,0 days 00:00:17.117022,0.49179097680417005,0.0006907172990048421,3,265,0.3005709919444235,0.4985531943435512,0.8101277219777505,COMPLETE
138,18.127773895310252,2023-09-16 00:36:18.048370,2023-09-16 00:36:38.025077,0 days 00:00:19.976707,0.4970279764100034,0.06074536977267181,4,246,0.33043184461027275,0.5438271977278902,0.7553627741904927,COMPLETE
139,18.431809044168286,2023-09-16 00:36:38.025077,2023-09-16 00:37:02.570105,0 days 00:00:24.545028,0.5168754614481919,0.08593517996925927,4,300,0.31534625804258054,0.5538543571278783,0.7349159367965636,COMPLETE
140,22.018460176061144,2023-09-16 00:37:02.570105,2023-09-16 00:37:24.022354,0 days 00:00:21.452249,0.5847296705521198,0.40653433308722864,4,244,0.2882507458904595,0.5979892780015912,0.7962045293399564,COMPLETE
141,18.10929957105798,2023-09-16 00:37:24.022354,2023-09-16 00:37:42.007896,0 days 00:00:17.985542,0.5061415111754636,0.058005285956401684,3,270,0.3398470584973936,0.5369678646388146,0.7785305522386393,COMPLETE
142,18.36506334493778,2023-09-16 00:37:42.007896,2023-09-16 00:38:00.781130,0 days 00:00:18.773234,0.5480927625979192,0.062077306405631034,3,268,0.34912010222410006,0.5368587506680386,0.7730774653108048,COMPLETE
143,18.21008196392554,2023-09-16 00:38:00.781130,2023-09-16 00:38:17.815531,0 days 00:00:17.034401,0.5006093303215458,0.024148704521384626,3,253,0.3304091358376479,0.5277699500083468,0.7508117269964603,COMPLETE
144,18.773542895024537,2023-09-16 00:38:17.818538,2023-09-16 00:38:37.040099,0 days 00:00:19.221561,0.5317690510866165,0.1035730734502757,3,285,0.33824787614696755,0.5068845424077392,0.7829684157746555,COMPLETE
145,18.43160152147294,2023-09-16 00:38:37.040099,2023-09-16 00:38:59.526013,0 days 00:00:22.485914,0.5616826758400021,0.06586488434366118,3,332,0.3613662495136888,0.5500179750777849,0.8162951481102222,COMPLETE
146,19.274353123227144,2023-09-16 00:38:59.526013,2023-09-16 00:39:17.450450,0 days 00:00:17.924437,0.5123193298482843,0.1320876514228913,3,273,0.37707023305356946,0.6040121861290255,0.8461586288334373,COMPLETE
147,18.3788051651747,2023-09-16 00:39:17.450450,2023-09-16 00:39:41.133131,0 days 00:00:23.682681,0.46044047919436176,0.0817498495627263,3,393,0.30828999715643796,0.5113479733946914,0.8001793905469736,COMPLETE
148,18.270520372569827,2023-09-16 00:39:41.133131,2023-09-16 00:40:07.043567,0 days 00:00:25.910436,0.5424535751925188,0.020873074948319033,4,306,0.2781444429283479,0.6364415185275418,0.7102828612686201,COMPLETE
149,18.15078280917509,2023-09-16 00:40:07.043567,2023-09-16 00:40:24.572189,0 days 00:00:17.528622,0.6090291907871157,0.05371165871017543,3,235,0.32589444195054623,0.539181548403582,0.7573671589916185,COMPLETE
150,18.539028617589388,2023-09-16 00:40:24.572189,2023-09-16 00:40:41.836661,0 days 00:00:17.264472,0.6044545568522558,0.11317235262041964,3,231,0.23976327711170514,0.5747522876792497,0.7551505990816806,COMPLETE
151,18.154443539311767,2023-09-16 00:40:41.836661,2023-09-16 00:41:00.461472,0 days 00:00:18.624811,0.583904916930794,0.05183651131107317,3,258,0.33707831149497663,0.5458488681754733,0.7714019224957805,COMPLETE
152,18.06608485310416,2023-09-16 00:41:00.461472,2023-09-16 00:41:19.498651,0 days 00:00:19.037179,0.6174947233862595,0.05858225278443468,3,252,0.25782279407579806,0.5838195764391229,0.731098822546039,COMPLETE
153,18.013359946230402,2023-09-16 00:41:19.498651,2023-09-16 00:41:38.475832,0 days 00:00:18.977181,0.6298020803087364,0.05257655674515286,3,248,0.31042392274023006,0.5887724180690832,0.7270041341889286,COMPLETE
154,17.977330502108984,2023-09-16 00:41:38.491457,2023-09-16 00:41:57.306956,0 days 00:00:18.815499,0.6283658265366866,0.05215764375599562,3,249,0.32511395148555444,0.5966943579683163,0.7277457640854667,COMPLETE
155,18.298072267041753,2023-09-16 00:41:57.306956,2023-09-16 00:42:16.013379,0 days 00:00:18.706423,0.6364314074051667,0.06060864713175684,3,240,0.2906076818901654,0.6324457156727349,0.7216675443323907,COMPLETE
156,18.0938121133848,2023-09-16 00:42:16.013379,2023-09-16 00:42:36.691767,0 days 00:00:20.678388,0.6249885001295473,0.04978074333348647,3,276,0.3185928202547218,0.5936080018655422,0.7380966866804348,COMPLETE
157,18.115490660139425,2023-09-16 00:42:36.691767,2023-09-16 00:42:58.082327,0 days 00:00:21.390560,0.6665621517853418,0.018530355986977012,3,275,0.3142853759911428,0.6512219115998956,0.7335931418669518,COMPLETE
158,18.193773221057885,2023-09-16 00:42:58.082327,2023-09-16 00:43:19.656179,0 days 00:00:21.573852,0.6539329900204416,0.016187955651885782,3,282,0.31411849713708623,0.6604615442456088,0.7308239779369217,COMPLETE
159,39.121383310093556,2023-09-16 00:43:19.671806,2023-09-16 00:43:48.391463,0 days 00:00:28.719657,0.6844239846722381,0.003438799891721356,4,297,0.36946415369131425,0.5918075487210713,0.6978090892756436,COMPLETE
160,18.11859138968093,2023-09-16 00:43:48.391463,2023-09-16 00:44:08.617911,0 days 00:00:20.226448,0.6204308322285763,0.036737878732110485,3,265,0.263324894992096,0.5853286903751016,0.6819968754012116,COMPLETE
161,18.11644615364516,2023-09-16 00:44:08.617911,2023-09-16 00:44:29.109593,0 days 00:00:20.491682,0.6415560790328023,0.07022134595031157,3,263,0.2728071964076439,0.577803653526952,0.6744465261824523,COMPLETE
162,18.15531827957464,2023-09-16 00:44:29.109593,2023-09-16 00:44:49.525982,0 days 00:00:20.416389,0.6537761241196851,0.0763799677248333,3,260,0.2667079504930524,0.5863931367662739,0.692661349936194,COMPLETE
163,18.153136926086358,2023-09-16 00:44:49.525982,2023-09-16 00:45:10.646656,0 days 00:00:21.120674,0.6294652249234218,0.03995165163055462,3,273,0.2943065038761177,0.6509948207693291,0.677082574921093,COMPLETE
164,18.152115153171962,2023-09-16 00:45:10.646656,2023-09-16 00:45:30.542820,0 days 00:00:19.896164,0.6758171356756855,0.07113350090362575,3,249,0.30499557841909114,0.6116797348519524,0.7087839117573541,COMPLETE
165,18.100942269421587,2023-09-16 00:45:30.542820,2023-09-16 00:45:51.825126,0 days 00:00:21.282306,0.6218990694998955,0.023367344701974786,3,278,0.26678987829812184,0.5662690095963898,0.6551310358151424,COMPLETE
166,18.127251735601266,2023-09-16 00:45:51.825126,2023-09-16 00:46:13.053398,0 days 00:00:21.228272,0.618306520578998,0.02043436998093813,3,280,0.26262203090542907,0.5790904185541703,0.657608806314359,COMPLETE
167,18.162722578045344,2023-09-16 00:46:13.053398,2023-09-16 00:46:33.608207,0 days 00:00:20.554809,0.6473242998714386,0.03403826518451772,3,263,0.23028176783945842,0.6014148639216712,0.6864032086389499,COMPLETE
168,18.21694222839986,2023-09-16 00:46:33.608207,2023-09-16 00:46:56.379470,0 days 00:00:22.771263,0.6690244328478259,0.09014371897450059,3,292,0.27609541335429777,0.6707943060261217,0.7267779485652652,COMPLETE
169,98.43243257190773,2023-09-16 00:46:56.379470,2023-09-16 00:47:12.986133,0 days 00:00:16.606663,0.6144988428171133,0.0002320992492167162,3,216,0.25158262853357805,0.5643843707024266,0.6753175706652053,COMPLETE
170,18.105994439828837,2023-09-16 00:47:12.986133,2023-09-16 00:47:32.240906,0 days 00:00:19.254773,0.5954140811377636,0.03976833009652316,3,260,0.20634255048912517,0.5825569230628086,0.7133188524748486,COMPLETE
171,18.019329478818598,2023-09-16 00:47:32.240906,2023-09-16 00:47:53.051192,0 days 00:00:20.810286,0.6252593296265435,0.040305064003995875,3,270,0.2116929530853378,0.5720907451869109,0.6462337109922589,COMPLETE
172,18.133458855353247,2023-09-16 00:47:53.051192,2023-09-16 00:48:14.330905,0 days 00:00:21.279713,0.6467937814202649,0.01979004249833989,3,278,0.20801301610942807,0.6181741909482322,0.7394315194770745,COMPLETE
173,18.074130048501793,2023-09-16 00:48:14.330905,2023-09-16 00:48:33.394319,0 days 00:00:19.063414,0.5962627163062167,0.05252524723159844,3,252,0.22782533803534816,0.5738175031684518,0.6495936634449057,COMPLETE
174,18.092407216126553,2023-09-16 00:48:33.394319,2023-09-16 00:48:52.507893,0 days 00:00:19.113574,0.6059439189673176,0.04916690585063168,3,248,0.22160138308760416,0.56209292302826,0.6427274391854222,COMPLETE
175,18.098446601543863,2023-09-16 00:48:52.507893,2023-09-16 00:49:11.432709,0 days 00:00:18.924816,0.5936389923031264,0.04846111553257732,3,249,0.1857574169915097,0.5686000047207906,0.63879467946105,COMPLETE
176,18.04570974635447,2023-09-16 00:49:11.432709,2023-09-16 00:49:28.506417,0 days 00:00:17.073708,0.5861048034817568,0.04568557741561065,3,224,0.17400003014626597,0.5633521085023958,0.6409751665441781,COMPLETE
177,18.192720772945545,2023-09-16 00:49:28.522550,2023-09-16 00:49:47.493551,0 days 00:00:18.971001,0.5999396945239197,0.045157443953245086,3,250,0.17744088112671785,0.5969060802476198,0.6423249293761988,COMPLETE
178,18.023074424536997,2023-09-16 00:49:47.493551,2023-09-16 00:50:04.125223,0 days 00:00:16.631672,0.5900436717166074,0.05026785513362625,3,216,0.21864668712704882,0.5695346473222402,0.6216777063680101,COMPLETE
179,25.308127290609857,2023-09-16 00:50:04.125223,2023-09-16 00:50:20.853536,0 days 00:00:16.728313,0.5948310790368239,0.5708223078800994,3,218,0.19400700795618359,0.5617894976475313,0.6271427468823,COMPLETE
180,18.442559100494897,2023-09-16 00:50:20.853536,2023-09-16 00:50:38.980198,0 days 00:00:18.126662,0.6189847035245212,0.09669952805228,3,234,0.22050955799604308,0.5685050977868538,0.6533318271153346,COMPLETE
181,18.05794969838994,2023-09-16 00:50:38.980198,2023-09-16 00:50:58.125781,0 days 00:00:19.145583,0.5931687180097537,0.049487203244217126,3,251,0.16106268835527568,0.6069732801999155,0.616695548926182,COMPLETE
182,18.253297086284057,2023-09-16 00:50:58.125781,2023-09-16 00:51:15.545025,0 days 00:00:17.419244,0.5926553878937384,0.052265131743966325,3,225,0.17079422937605368,0.6263380633721993,0.5993415534236406,COMPLETE
183,18.04198031329195,2023-09-16 00:51:15.545025,2023-09-16 00:51:35.459188,0 days 00:00:19.914163,0.6240494345912669,0.02804246921869415,3,254,0.19707655554297013,0.6041540356533485,0.6433528300743744,COMPLETE
184,18.032581897010648,2023-09-16 00:51:35.459188,2023-09-16 00:51:55.221613,0 days 00:00:19.762425,0.6295535118294705,0.0278331420851898,3,249,0.2260710565331493,0.6052835159843534,0.6337377768429702,COMPLETE
185,18.15236752185727,2023-09-16 00:51:55.221613,2023-09-16 00:52:14.538626,0 days 00:00:19.317013,0.624491546357305,0.021691557282244294,3,248,0.20115489322084026,0.6074814108190164,0.6371922607193458,COMPLETE
186,18.02850398416226,2023-09-16 00:52:14.538626,2023-09-16 00:52:33.980747,0 days 00:00:19.442121,0.604749149781833,0.07544650067189151,3,252,0.16540748575244318,0.5978499075109238,0.61599963139682,COMPLETE
187,83.18965320157479,2023-09-16 00:52:33.980747,2023-09-16 00:52:53.630536,0 days 00:00:19.649789,0.6341767838190746,0.0008847877873820673,3,252,0.22707909220162997,0.599336262302368,0.6178422375647825,COMPLETE
188,18.101139401333842,2023-09-16 00:52:53.646172,2023-09-16 00:53:09.903761,0 days 00:00:16.257589,0.6104953151528755,0.07631135675070767,3,203,0.15203072736202206,0.6275261571570959,0.6046216886757291,COMPLETE
189,18.34013088460194,2023-09-16 00:53:09.903761,2023-09-16 00:53:26.291364,0 days 00:00:16.387603,0.6110971656364877,0.08247017634175963,3,206,0.14755780001070765,0.6301749212230389,0.6034398689276994,COMPLETE
190,18.602065056028966,2023-09-16 00:53:26.291364,2023-09-16 00:54:05.109023,0 days 00:00:38.817659,0.6604822205683516,0.11039155865259284,7,235,0.16075485403390932,0.639915486115119,0.6547346880869388,COMPLETE
191,18.043888035742896,2023-09-16 00:54:05.109023,2023-09-16 00:54:24.328576,0 days 00:00:19.219553,0.6003891107260683,0.031114201871403027,3,252,0.19208471252121845,0.6139108863541732,0.634410740412572,COMPLETE
192,18.118768432835502,2023-09-16 00:54:24.328576,2023-09-16 00:54:42.298505,0 days 00:00:17.969929,0.6282231372749796,0.07184944296185994,3,225,0.19257368188452437,0.6084931577307019,0.6308286000925099,COMPLETE
193,18.13059406005081,2023-09-16 00:54:42.314128,2023-09-16 00:55:01.145532,0 days 00:00:18.831404,0.6063169355253006,0.029749919339433457,3,241,0.15459509015141593,0.6707217588082578,0.5859362354739318,COMPLETE
194,18.308541359800195,2023-09-16 00:55:01.145532,2023-09-16 00:55:16.257405,0 days 00:00:15.111873,0.5822304239450338,0.02051685278801643,3,194,0.17890818050521148,0.6219817148593578,0.620854495959611,COMPLETE
195,18.47368413480871,2023-09-16 00:55:16.257405,2023-09-16 00:55:36.232621,0 days 00:00:19.975216,0.6404434132700263,0.08460592742433637,3,251,0.1372888911965751,0.5899446198537627,0.6433418695596415,COMPLETE
196,18.147453601863702,2023-09-16 00:55:36.232621,2023-09-16 00:55:52.730212,0 days 00:00:16.497591,0.6123546473273929,0.06767637804722251,3,208,0.22351487194304104,0.6431940347888694,0.6623990012413852,COMPLETE
197,18.090017588768944,2023-09-16 00:55:52.730212,2023-09-16 00:56:14.242908,0 days 00:00:21.512696,0.5824646909347193,0.031467233370018555,3,287,0.18921553224025534,0.6097779750930953,0.6101785480397975,COMPLETE
198,18.054516368258156,2023-09-16 00:56:14.242908,2023-09-16 00:56:35.600207,0 days 00:00:21.357299,0.5843291843401991,0.03338278963570891,3,283,0.1971488929646255,0.6089094378441191,0.5778583616966761,COMPLETE
199,20.24394925042232,2023-09-16 00:56:35.600207,2023-09-16 00:56:57.272625,0 days 00:00:21.672418,0.5766369128326423,0.2810232626098611,3,290,0.1889372655690779,0.6093691285030891,0.5641218176624401,COMPLETE
200,18.103896922043887,2023-09-16 00:56:57.272625,2023-09-16 00:57:19.324305,0 days 00:00:22.051680,0.584692351317002,0.04048871408735554,3,298,0.2097832320153966,0.5890673155326517,0.6189071858446077,COMPLETE
201,18.171906849160198,2023-09-16 00:57:19.324305,2023-09-16 00:57:41.341531,0 days 00:00:22.017226,0.6288011518368155,0.017588114764990323,3,278,0.23917113863244793,0.5670565384406945,0.587573320135407,COMPLETE
202,64.61860003288247,2023-09-16 00:57:41.341531,2023-09-16 00:58:00.546075,0 days 00:00:19.204544,0.5943876262512835,0.0018714096945337856,3,257,0.1935967850687335,0.6100648239979395,0.6366266531824968,COMPLETE
203,17.967210990875735,2023-09-16 00:58:00.546075,2023-09-16 00:58:23.283879,0 days 00:00:22.737804,0.6524484984719823,0.03532161343240669,3,286,0.1705846798072209,0.5737462164911683,0.6563741544435957,COMPLETE
