number,value,datetime_start,datetime_complete,duration,params_colsample_bytree,params_learning_rate,params_max_depth,params_n_estimators,params_reg_alpha,params_reg_lambda,params_subsample,state
612,18.829960288860786,2023-09-16 04:56:02.735231,2023-09-16 04:56:36.835990,0 days 00:00:34.100759,0.6526507151573288,0.0648500640100487,3,460,0.09127861371605875,0.42789276833581324,0.7529721399465451,COMPLETE
613,18.086605306707973,2023-09-16 04:56:36.835990,2023-09-16 04:57:01.741967,0 days 00:00:24.905977,0.6820218741231885,0.03573554334924237,3,329,0.27310464791788747,0.7033604093905573,0.8751495125382754,COMPLETE
614,18.02479074499413,2023-09-16 04:57:01.757592,2023-09-16 04:57:31.791033,0 days 00:00:30.033441,0.7064868208550678,0.017316032007665235,3,364,0.6052597887900352,0.6615287130784036,0.47411199118552316,COMPLETE
615,18.224457230336693,2023-09-16 04:57:31.791033,2023-09-16 04:58:15.121846,0 days 00:00:43.330813,0.7584328525217439,0.0517464507153649,4,399,0.12943384057333662,0.6038624455109256,0.534613025233462,COMPLETE
616,18.47273289728148,2023-09-16 04:58:15.121846,2023-09-16 04:58:42.381177,0 days 00:00:27.259331,0.3440316424415799,0.07342964067138291,3,508,0.01722067636990754,0.7489438176697065,0.6409583367178496,COMPLETE
617,18.103490089988984,2023-09-16 04:58:42.381177,2023-09-16 04:59:04.458464,0 days 00:00:22.077287,0.6382089016619648,0.040059351959505544,3,305,0.07422263064317322,0.726273598902814,0.33812923370102527,COMPLETE
618,18.690576363589052,2023-09-16 04:59:04.458464,2023-09-16 04:59:36.785338,0 days 00:00:32.326874,0.6668992843937777,0.09826444072327484,3,411,0.8763363382495732,0.6230439670808037,0.6207698707438267,COMPLETE
619,18.12131252083406,2023-09-16 04:59:36.785338,2023-09-16 05:00:04.655491,0 days 00:00:27.870153,0.6906887447812928,0.017110885157425915,3,354,0.18668930460900668,0.8211533138953663,0.7185180662686116,COMPLETE
620,18.304518672556146,2023-09-16 05:00:04.655491,2023-09-16 05:00:33.924935,0 days 00:00:29.269444,0.5762475414045198,0.05705451816537204,3,442,0.09684725752739876,0.6811961029553736,0.34152449327340273,COMPLETE
621,25.62498129035523,2023-09-16 05:00:33.924935,2023-09-16 05:00:58.281085,0 days 00:00:24.356150,0.7388261814290412,0.5252137875088622,3,283,0.40943372498204594,0.6496984594399794,0.6629310482078451,COMPLETE
622,18.354551272913362,2023-09-16 05:00:58.281085,2023-09-16 05:01:36.633976,0 days 00:00:38.352891,0.5611215507403412,0.08203543670004194,3,548,0.6300439605615323,0.8037643825640435,0.5846584182340069,COMPLETE
623,20.283216702047905,2023-09-16 05:01:36.633976,2023-09-16 05:02:07.914911,0 days 00:00:31.280935,0.7250221530031637,0.21318745107706094,3,382,0.05562480067706596,0.7057934547993654,0.695351668538461,COMPLETE
624,20.501635138594388,2023-09-16 05:02:07.914911,2023-09-16 05:02:25.334887,0 days 00:00:17.419976,0.28469931864720477,0.3222303086718694,3,335,0.11759900134284815,0.6672494928979107,0.5598558437028788,COMPLETE
625,18.28089534920663,2023-09-16 05:02:25.334887,2023-09-16 05:02:46.365116,0 days 00:00:21.030229,0.611909916459003,0.011750693729154202,3,319,0.15227346789849994,0.49408010153059656,0.2666623038403025,COMPLETE
626,34.55413847873446,2023-09-16 05:02:46.365116,2023-09-16 05:03:08.585798,0 days 00:00:22.220682,0.1795989607260392,0.9700066244506925,4,490,0.0336500250208059,0.6323562930667551,0.8335628185123054,COMPLETE
627,21.941184332310982,2023-09-16 05:03:08.585798,2023-09-16 05:03:35.776836,0 days 00:00:27.191038,0.6531158667987959,0.3575333558465532,3,348,0.46583445062041684,0.6885973762450005,0.6474179139731252,COMPLETE
628,21.031738378180584,2023-09-16 05:03:35.792461,2023-09-16 05:04:24.726484,0 days 00:00:48.934023,0.6866475750559847,0.19410286534772836,3,682,0.5057274662395248,0.5117170609985928,0.9186073306141185,COMPLETE
629,18.72074344978338,2023-09-16 05:04:24.726484,2023-09-16 05:04:37.439048,0 days 00:00:12.712564,0.05093356152270623,0.034807463513195164,3,375,0.08285213202140744,0.7187050501931055,0.6200687812252418,COMPLETE
630,37.20007795381357,2023-09-16 05:04:37.454065,2023-09-16 05:05:17.787334,0 days 00:00:40.333269,0.7753820903968679,0.9393270170127407,3,467,0.6077180818966483,0.7595174531415453,0.5402951164618329,COMPLETE
631,31.314607129998997,2023-09-16 05:05:17.787334,2023-09-16 05:05:50.336410,0 days 00:00:32.549076,0.7122375594394895,0.6977496665050658,3,394,0.44228154042218737,0.3809070510940057,0.5950922495070057,COMPLETE
632,20.180261176218007,2023-09-16 05:05:50.336410,2023-09-16 05:06:22.804779,0 days 00:00:32.468369,0.672389426865186,0.23702942718270886,3,418,0.1033234622507651,0.5991510513364308,0.6700347524162441,COMPLETE
633,34.6119510547739,2023-09-16 05:06:22.804779,2023-09-16 05:07:29.978963,0 days 00:01:07.174184,0.9799461112855361,0.7537925526120682,4,524,0.9775022013187014,0.1287466673061085,0.5757265921214929,COMPLETE
634,34.73453729998162,2023-09-16 05:07:29.978963,2023-09-16 05:07:53.251632,0 days 00:00:23.272669,0.6265280153884366,0.7182876304412353,3,357,0.0007200978226337695,0.3596765344429224,0.25431265532107433,COMPLETE
635,24.142560387067658,2023-09-16 05:07:53.267256,2023-09-16 05:08:18.546500,0 days 00:00:25.279244,0.695165411721352,0.2638799659764522,3,451,0.35671646718073424,0.6579910838294858,0.11874426461719839,COMPLETE
636,21.473313833263905,2023-09-16 05:08:18.546500,2023-09-16 05:08:48.393623,0 days 00:00:29.847123,0.6563573442778944,0.31265333898925657,3,372,0.06856928641163017,0.6742917254478614,0.6276204806289344,COMPLETE
637,19.022543382123747,2023-09-16 05:08:48.393623,2023-09-16 05:09:21.473433,0 days 00:00:33.079810,0.7502672229400216,0.05508849856900265,3,432,0.133573068251089,0.2465691644300234,0.9328956438387982,COMPLETE
638,18.167862308166235,2023-09-16 05:09:21.473433,2023-09-16 05:09:54.790163,0 days 00:00:33.316730,0.9346059326873941,0.03084855738674636,3,337,0.92259947140514,0.6443465562249462,0.6515966798472729,COMPLETE
639,33.9735209629343,2023-09-16 05:09:54.790163,2023-09-16 05:10:27.849854,0 days 00:00:33.059691,0.7183323121215784,0.792246129027932,3,402,0.23990485267449782,0.69810933213086,0.6027284658769168,COMPLETE
640,30.047382162705684,2023-09-16 05:10:27.849854,2023-09-16 05:10:56.329201,0 days 00:00:28.479347,0.6772136627098151,0.8728296823904329,3,387,0.7656627713751103,0.7322042326291465,0.9037676514819637,COMPLETE
641,26.786970178991407,2023-09-16 05:10:56.329201,2023-09-16 05:12:12.777048,0 days 00:01:16.447847,0.37820773376145617,0.003356332784561135,10,481,0.05263724936998413,0.575742994947155,0.6371403145130224,COMPLETE
642,18.31284481812087,2023-09-16 05:12:12.777048,2023-09-16 05:12:40.113146,0 days 00:00:27.336098,0.6401830272336434,0.07331253483130676,3,363,0.09182954716385698,0.6194177756274429,0.7123691718350079,COMPLETE
643,29.30686046888751,2023-09-16 05:12:40.113146,2023-09-16 05:12:58.472853,0 days 00:00:18.359707,0.4091594374169545,0.711957174860004,3,316,0.16283012965008814,0.2800822110244552,0.37487112788670585,COMPLETE
644,35.456944324052145,2023-09-16 05:12:58.472853,2023-09-16 05:13:18.388015,0 days 00:00:19.915162,0.7005825076001095,0.5685444396727668,4,267,0.03398636586431509,0.7735016482200537,0.14955168329197588,COMPLETE
645,93.83275803789846,2023-09-16 05:13:18.388015,2023-09-16 05:14:00.394538,0 days 00:00:42.006523,0.6626450621664284,0.0002917466722163267,6,344,0.1140791632187152,0.6742504700403374,0.9665943337540004,COMPLETE
646,21.40095776980526,2023-09-16 05:14:00.394538,2023-09-16 05:14:33.864153,0 days 00:00:33.469615,0.7346656910488761,0.27783734025884493,3,409,0.8235313516925606,0.7133973447053029,0.6850199827886646,COMPLETE
647,20.89506013869394,2023-09-16 05:14:33.864153,2023-09-16 05:15:02.988149,0 days 00:00:29.123996,0.8011427403634399,0.10950840475324194,3,514,0.6864325501661945,0.8726709235965335,0.08827289144772138,COMPLETE
648,18.02308191679982,2023-09-16 05:15:02.988149,2023-09-16 05:15:24.809755,0 days 00:00:21.821606,0.5959677690622391,0.043709668225827045,3,295,0.3826992721594503,0.6502442996905248,0.40795460892019186,COMPLETE
649,36.76354196747092,2023-09-16 05:15:24.809755,2023-09-16 05:15:48.505140,0 days 00:00:23.695385,0.31466587244234223,0.8128397712130235,3,497,0.6595642188999682,0.550135523155886,0.3049569366824503,COMPLETE
650,20.87607974727927,2023-09-16 05:15:48.505140,2023-09-16 05:16:12.801534,0 days 00:00:24.296394,0.4640165067920351,0.24304056384616918,3,378,0.22527018141935864,0.690341564332712,0.5073650688271942,COMPLETE
651,36.7950573871147,2023-09-16 05:16:12.801534,2023-09-16 05:16:42.018695,0 days 00:00:29.217161,0.827521430037203,0.6372144034037792,3,330,0.9645085668657213,0.8384192805716735,0.7367113211853247,COMPLETE
652,18.07746264324004,2023-09-16 05:16:42.018695,2023-09-16 05:17:10.484397,0 days 00:00:28.465702,0.44466770403088385,0.027438550654015695,3,454,0.06966650374456529,0.6352691470437675,0.5594273246200351,COMPLETE
653,24.309124181000236,2023-09-16 05:17:10.484397,2023-09-16 05:17:28.890452,0 days 00:00:18.406055,0.3419105276329666,0.5627705288585415,3,353,0.28165659510925956,0.7456607312919904,0.8706835447019289,COMPLETE
654,18.21340333786933,2023-09-16 05:17:28.890452,2023-09-16 05:17:58.299494,0 days 00:00:29.409042,0.6174319120227487,0.06061599033144019,3,389,0.08900298124436588,0.479972109074802,0.48499116944150455,COMPLETE
655,18.482954888800343,2023-09-16 05:17:58.299494,2023-09-16 05:18:32.239765,0 days 00:00:33.940271,0.6820089436613913,0.13579575133531152,3,421,0.13922246120214848,0.9921282397720033,0.5823422937350096,COMPLETE
656,18.37512154734486,2023-09-16 05:18:32.239765,2023-09-16 05:19:09.841287,0 days 00:00:37.601522,0.7082706254074153,0.0836279644915576,4,365,0.34688561505935545,0.6590251845325394,0.6086780072861543,COMPLETE
657,18.11369770678023,2023-09-16 05:19:09.841287,2023-09-16 05:19:45.930792,0 days 00:00:36.089505,0.642553085262118,0.041951856481260895,3,470,0.20356174375627542,0.6147447531114325,0.5283801559561424,COMPLETE
658,25.152131009060593,2023-09-16 05:19:45.930792,2023-09-16 05:20:07.614531,0 days 00:00:21.683739,0.5440313430653396,0.494328326190804,3,309,0.056394674170241466,0.1538861753486921,0.6659052080231173,COMPLETE
659,22.548165319604248,2023-09-16 05:20:07.614531,2023-09-16 05:20:42.819426,0 days 00:00:35.204895,0.664146553131868,0.41600450870927325,3,441,0.02288597320618415,0.80764807118496,0.6280596198419566,COMPLETE
660,31.82326719069705,2023-09-16 05:20:42.819426,2023-09-16 05:21:15.345780,0 days 00:00:32.526354,0.7546607832944893,0.8987950349969648,3,404,0.11902754061221438,0.8978538277025829,0.8058289020792841,COMPLETE
661,22.620453933801798,2023-09-16 05:21:15.345780,2023-09-16 05:21:43.253611,0 days 00:00:27.907831,0.692512326205232,0.4043127769511132,3,345,0.7221681391036775,0.5210972286932586,0.650910419425878,COMPLETE
662,18.258151854417118,2023-09-16 05:21:43.253611,2023-09-16 05:22:02.932023,0 days 00:00:19.678412,0.1993487967164761,0.018309369207353106,4,380,0.7783564286893805,0.7044445577406294,0.5449285936447131,COMPLETE
663,18.130025137876835,2023-09-16 05:22:02.932023,2023-09-16 05:22:33.999999,0 days 00:00:31.067976,0.7259664388776977,0.05585563731846044,3,366,0.1775060135458011,0.5931550559242953,0.5680220040293225,COMPLETE
664,21.586471847835337,2023-09-16 05:22:34.015624,2023-09-16 05:22:58.059783,0 days 00:00:24.044159,0.6306159372029001,0.33131244220026496,3,323,0.07879355354914837,0.6720044172758096,0.7600767247127436,COMPLETE
665,22.1514843874563,2023-09-16 05:22:58.059783,2023-09-16 05:23:24.331317,0 days 00:00:26.271534,0.11214901767299862,0.29040512289266973,3,750,0.10215353678296987,0.6881160627666452,0.45697762356365557,COMPLETE
666,31.86841106057276,2023-09-16 05:23:24.331317,2023-09-16 05:23:56.040583,0 days 00:00:31.709266,0.6821864584735619,0.8615098490924201,3,395,0.32358311525690775,0.7289628445629273,0.6098345835700825,COMPLETE
667,18.084644787361032,2023-09-16 05:23:56.040583,2023-09-16 05:24:23.885229,0 days 00:00:27.844646,0.7066631466645797,0.029538591007278327,3,334,0.04311555552568212,0.6434849943440532,0.5946665933265197,COMPLETE
668,20.12010150175592,2023-09-16 05:24:23.885229,2023-09-16 05:24:47.845146,0 days 00:00:23.959917,0.842204621656101,0.07151589693892699,3,429,0.2526224992111865,0.6260182085704854,0.06494680750008242,COMPLETE
669,19.032988605785363,2023-09-16 05:24:47.860770,2023-09-16 05:25:18.990410,0 days 00:00:31.129640,0.7858061316835223,0.16972157890106282,3,359,0.14609331753025384,0.9232869388296283,0.6866096279793976,COMPLETE
670,70.82200170740373,2023-09-16 05:25:18.990410,2023-09-16 05:25:46.499686,0 days 00:00:27.509276,0.9019106409006772,0.0013732256421170597,3,286,0.5736393680798797,0.6662893422129927,0.6347608055838048,COMPLETE
671,23.972608261369885,2023-09-16 05:25:46.499686,2023-09-16 05:26:23.231744,0 days 00:00:36.732058,0.6490022893562889,0.47522816620819297,3,489,0.06364851521488998,0.7074600529480901,0.43716160973850665,COMPLETE
672,29.639992173148176,2023-09-16 05:26:23.231744,2023-09-16 05:27:00.270189,0 days 00:00:37.038445,0.9854930896151914,0.8318912519975015,3,384,0.1165457446069531,0.9589046937520704,0.787695985285013,COMPLETE
673,19.161945480445024,2023-09-16 05:27:00.270189,2023-09-16 05:28:04.042465,0 days 00:01:03.772276,0.6710269552579846,0.04202701321791312,7,467,0.4824198501859779,0.08193600315590555,0.2786091943101487,COMPLETE
674,30.417412648318283,2023-09-16 05:28:04.042465,2023-09-16 05:28:38.048775,0 days 00:00:34.006310,0.7380505194430554,0.6214162517240309,3,415,0.9282255828853696,0.39243360353637036,0.6680635595805717,COMPLETE
675,21.228076668034294,2023-09-16 05:28:38.048775,2023-09-16 05:29:44.096677,0 days 00:01:06.047902,0.5711108183954388,0.4526890861233233,9,352,0.4260725825326357,0.6844052867439185,0.7101217843796096,COMPLETE
676,24.700373647585987,2023-09-16 05:29:44.096677,2023-09-16 05:30:20.876637,0 days 00:00:36.779960,0.7010518713716919,0.3845458945069072,3,451,0.0823642792572571,0.6537210799469121,0.5758432768577838,COMPLETE
677,20.64963797450785,2023-09-16 05:30:20.876637,2023-09-16 05:30:53.999722,0 days 00:00:33.123085,0.6086428595592661,0.19820816472664993,4,373,0.021728330573516266,0.7795994450612558,0.3982401502760141,COMPLETE
678,32.779836507143116,2023-09-16 05:30:54.001233,2023-09-16 05:31:34.558773,0 days 00:00:40.557540,0.6556769351603856,0.7708926787398519,3,534,0.09964318491736607,0.7166153798649698,0.6191411748381476,COMPLETE
679,19.217321329449028,2023-09-16 05:31:34.558773,2023-09-16 05:32:04.423322,0 days 00:00:29.864549,0.6855591998918511,0.10126953337217186,3,396,0.04757431248728134,0.36781965531731897,0.35835169665901273,COMPLETE
680,36.8913671707688,2023-09-16 05:32:04.423322,2023-09-16 05:32:28.089438,0 days 00:00:23.666116,0.7184183949545051,0.9038488477163387,3,304,0.15453540758692463,0.7452197927032715,0.8900045961083081,COMPLETE
681,18.23476270827529,2023-09-16 05:32:28.089438,2023-09-16 05:32:48.962402,0 days 00:00:20.872964,0.7701346916833308,0.020700627795456686,3,230,0.4508542653566783,0.5819562782277863,0.5483972516552468,COMPLETE
682,30.72351188006303,2023-09-16 05:32:48.962402,2023-09-16 05:33:21.244752,0 days 00:00:32.282350,0.8933542541026127,0.8296314889949606,3,339,0.12733131613198095,0.6906205593370627,0.6447302816358182,COMPLETE
683,18.31667355989674,2023-09-16 05:33:21.244752,2023-09-16 05:33:56.880702,0 days 00:00:35.635950,0.6327147828069047,0.05499393983362953,3,499,0.07246152948266181,0.4688754345391213,0.3741630194852871,COMPLETE
684,97.1368751485086,2023-09-16 05:33:56.880702,2023-09-16 05:34:25.956005,0 days 00:00:29.075303,0.5886655851412992,0.00019813048424024288,4,321,0.6173782112896121,0.04796529046866782,0.5227252379317363,COMPLETE
685,18.456475180077444,2023-09-16 05:34:25.956005,2023-09-16 05:34:44.431420,0 days 00:00:18.475415,0.261139858082176,0.08160764485060806,3,376,0.09835602366978495,0.5640950358802129,0.5896205622898599,COMPLETE
686,18.047426141392908,2023-09-16 05:34:44.441438,2023-09-16 05:35:12.537255,0 days 00:00:28.095817,0.6710893504614526,0.03301461847715574,3,360,0.18469567053916466,0.6129165644762992,0.6985398934046778,COMPLETE
687,34.07543072847339,2023-09-16 05:35:12.537255,2023-09-16 05:35:49.417411,0 days 00:00:36.880156,0.7264798285258172,0.9887549106962505,3,480,0.6537049906688296,0.6633319965500887,0.8450954076744747,COMPLETE
688,35.122373751597905,2023-09-16 05:35:49.417411,2023-09-16 05:36:23.770824,0 days 00:00:34.353413,0.5153302943421009,0.9412601680145272,3,513,0.5117173712471575,0.634398702170439,0.505340722883059,COMPLETE
689,18.630542344110484,2023-09-16 05:36:23.770824,2023-09-16 05:36:39.012440,0 days 00:00:15.241616,0.08890615499739285,0.06275706484296976,3,435,0.0610339601299289,0.01978046413334511,0.7254477582287702,COMPLETE
690,26.35074831478814,2023-09-16 05:36:39.012440,2023-09-16 05:37:02.094230,0 days 00:00:23.081790,0.14581846033035756,0.5886943824779957,3,602,0.03239008656957485,0.6742436886509647,0.6104589363123225,COMPLETE
691,31.423359654320585,2023-09-16 05:37:02.094230,2023-09-16 05:37:27.533473,0 days 00:00:25.439243,0.6913951171623074,0.7090706530781449,3,343,0.31901383276337997,0.710024446087335,0.3263662882449798,COMPLETE
692,18.502049168495162,2023-09-16 05:37:27.533473,2023-09-16 05:37:47.480886,0 days 00:00:19.947413,0.9525401030889212,0.11586285168325373,3,188,0.12064460502037518,0.7589540697706542,0.6792800948790302,COMPLETE
693,18.035379602501852,2023-09-16 05:37:47.480886,2023-09-16 05:38:19.696323,0 days 00:00:32.215437,0.6531630048074747,0.01978896916923569,3,410,0.08328321439726347,0.6437095603708692,0.5626322014827715,COMPLETE
694,18.171622541751123,2023-09-16 05:38:19.696323,2023-09-16 05:38:59.543047,0 days 00:00:39.846724,0.7097922370618066,0.04364246207575362,4,390,0.1613226681907558,0.6920329682951387,0.6528541832358643,COMPLETE
695,18.238795738709126,2023-09-16 05:38:59.543047,2023-09-16 05:39:52.001863,0 days 00:00:52.458816,0.7526948503369572,0.033326820515421615,3,629,0.10456053750253924,0.4002716906784284,0.6269178705929859,COMPLETE
696,27.3357683931108,2023-09-16 05:39:52.001863,2023-09-16 05:40:26.416389,0 days 00:00:34.414526,0.6166319687823167,0.6490741126232741,3,460,0.04984850605288048,0.9807278544368973,0.5951152884352692,COMPLETE
697,18.31624723295679,2023-09-16 05:40:26.416389,2023-09-16 05:40:54.506568,0 days 00:00:28.090179,0.661962322555717,0.0699669941123867,3,366,0.39687979847719423,0.8475557555989134,0.7561676845650676,COMPLETE
698,33.67135504787301,2023-09-16 05:40:54.506568,2023-09-16 05:41:22.671049,0 days 00:00:28.164481,0.6776111613132955,0.7941102030260359,3,348,0.26738907567853704,0.5998728390414272,0.5340780735715175,COMPLETE
699,18.129574618933912,2023-09-16 05:41:22.671049,2023-09-16 05:41:48.380378,0 days 00:00:25.709329,0.6413243123977308,0.01624027292142722,3,329,0.5851619461704071,0.7386819430002497,0.6407785803500944,COMPLETE
700,18.516313222138127,2023-09-16 05:41:48.380378,2023-09-16 05:42:21.470987,0 days 00:00:33.090609,0.697739770643325,0.08796128896284637,3,405,0.13567500468828597,0.2551746912965018,0.5808734283317836,COMPLETE
701,21.1699526629644,2023-09-16 05:42:21.470987,2023-09-16 05:42:39.770223,0 days 00:00:18.299236,0.4963761118919277,0.34575476626390605,3,267,0.08153836003121709,0.7940459286995833,0.6656036226417057,COMPLETE
702,18.403492506989984,2023-09-16 05:42:39.770223,2023-09-16 05:43:14.310450,0 days 00:00:34.540227,0.8554232087863435,0.04893836926184669,4,383,0.012298694464301319,0.6596671804763236,0.20793901058969244,COMPLETE
703,18.027584710581753,2023-09-16 05:43:14.310450,2023-09-16 05:43:49.728987,0 days 00:00:35.418537,0.7247173217273474,0.017583373554933897,3,424,0.2162836465918641,0.6240648806426847,0.4969140263724509,COMPLETE
704,26.482844900692147,2023-09-16 05:43:49.728987,2023-09-16 05:44:17.360404,0 days 00:00:27.631417,0.7421207065424851,0.686388831174799,3,309,0.29588930491719756,0.9297779602356145,0.6140596864374815,COMPLETE
705,86.84750069091766,2023-09-16 05:44:17.360404,2023-09-16 05:44:45.998587,0 days 00:00:28.638183,0.8123811482325062,0.0004922197855124835,3,365,0.06050325457029303,0.6769968242646384,0.3037763161243211,COMPLETE
706,18.218873584657285,2023-09-16 05:44:45.998587,2023-09-16 05:45:21.651061,0 days 00:00:35.652474,0.6707333883029518,0.048647231903955146,3,448,0.10894343797324901,0.7225736366009937,0.5575209931830054,COMPLETE
707,17.973390649481107,2023-09-16 05:45:21.651061,2023-09-16 05:45:50.386213,0 days 00:00:28.735152,0.6240569225793572,0.03226397311096505,3,377,0.5495704865797111,0.7020387128758563,0.6305072959526594,COMPLETE
708,31.762392895884062,2023-09-16 05:45:50.386213,2023-09-16 05:46:09.830531,0 days 00:00:19.444318,0.6204197027328777,0.5236696924079626,3,346,0.5307557338548093,0.7033130901383701,0.13798590366648922,COMPLETE
709,18.08364949138841,2023-09-16 05:46:09.830531,2023-09-16 05:46:33.320628,0 days 00:00:23.490097,0.48799545990536,0.0679208539798514,3,355,0.35609462352570187,0.8810801648673967,0.657401157624976,COMPLETE
710,19.018067471062977,2023-09-16 05:46:33.320628,2023-09-16 05:47:11.031334,0 days 00:00:37.710706,0.9883806002348338,0.0904931519369897,3,373,0.03541580854866083,0.7282188986297591,0.6835439477175265,COMPLETE
711,18.07446756280764,2023-09-16 05:47:11.031334,2023-09-16 05:47:35.068595,0 days 00:00:24.037261,0.5885419419243816,0.03609098081808415,3,326,0.6357863258173027,0.698306397079857,0.6323088196973701,COMPLETE
712,20.120795623704687,2023-09-16 05:47:35.068595,2023-09-16 05:48:02.512818,0 days 00:00:27.444223,0.47327265664712737,0.12327570027213136,3,476,0.06589548726745312,0.18546442117761353,0.982840506282944,COMPLETE
713,21.702225719326236,2023-09-16 05:48:02.512818,2023-09-16 05:48:19.458163,0 days 00:00:16.945345,0.2907211188158211,0.3747571548064119,3,337,0.540610264258528,0.7615835239082941,0.7829242454406109,COMPLETE
