number,value,datetime_start,datetime_complete,duration,params_colsample_bytree,params_learning_rate,params_max_depth,params_n_estimators,params_reg_alpha,params_reg_lambda,params_subsample,state
510,18.031413809829605,2023-09-16 04:00:49.752380,2023-09-16 04:01:09.948102,0 days 00:00:20.195722,0.4812565220364868,0.030684524357233862,3,305,0.11510464377773537,0.7368000535955197,0.6504220745328873,COMPLETE
511,18.415644190873138,2023-09-16 04:01:09.948102,2023-09-16 04:01:37.326912,0 days 00:00:27.378810,0.5582570825836004,0.06894264479732241,3,387,0.14890395408832405,0.6354352081662186,0.6293804752852008,COMPLETE
512,18.32556520229924,2023-09-16 04:01:37.326912,2023-09-16 04:02:16.340673,0 days 00:00:39.013761,0.6821060055301029,0.05004477087803684,3,487,0.9891658366702349,0.548204132861549,0.5336717192713499,COMPLETE
513,101.82043572125023,2023-09-16 04:02:16.340673,2023-09-16 04:02:56.055439,0 days 00:00:39.714766,0.9769192486199978,3.873124769293926e-05,3,407,0.4139852915840657,0.8913215962239134,0.6767180927503161,COMPLETE
514,25.223551465381153,2023-09-16 04:02:56.055439,2023-09-16 04:03:36.805041,0 days 00:00:40.749602,0.904812384650628,0.5139161981675927,3,424,0.05533150414535214,0.6900507951351855,0.5812519033335422,COMPLETE
515,24.905841934703624,2023-09-16 04:03:36.805041,2023-09-16 04:04:09.897388,0 days 00:00:33.092347,0.7119451530550917,0.4332280143333346,4,367,0.09348740639696748,0.6684992870981683,0.3124440688814532,COMPLETE
516,19.833573460627203,2023-09-16 04:04:09.897388,2023-09-16 04:04:37.009617,0 days 00:00:27.112229,0.6750431082329638,0.27153844255353715,3,340,0.12730129138724708,0.8542554965157164,0.605236873890578,COMPLETE
517,18.091536734879657,2023-09-16 04:04:37.025242,2023-09-16 04:04:58.885431,0 days 00:00:21.860189,0.5978005831188835,0.03326351036855863,3,294,0.24371129922032292,0.600267401018836,0.6561806836693116,COMPLETE
518,19.19751577015881,2023-09-16 04:04:58.885431,2023-09-16 04:05:24.937950,0 days 00:00:26.052519,0.7324451405078579,0.14728236366472647,3,321,0.07177109655954934,0.7142082940204624,0.7723844064104453,COMPLETE
519,18.597653533273412,2023-09-16 04:05:24.937950,2023-09-16 04:06:00.651181,0 days 00:00:35.713231,0.6384815359784237,0.0874084584988995,3,465,0.04107104650460885,0.8735381786987358,0.5526853403597339,COMPLETE
520,18.116284712763633,2023-09-16 04:06:00.651181,2023-09-16 04:06:31.296562,0 days 00:00:30.645381,0.7561103131763086,0.019778871724505424,3,355,0.3280885083693793,0.6452889777655951,0.4852232259368156,COMPLETE
521,19.658009425397367,2023-09-16 04:06:31.312187,2023-09-16 04:07:01.252657,0 days 00:00:29.940470,0.6987808498105,0.19398489563002436,3,381,0.16946305050699745,0.2868537884719,0.7266217307425509,COMPLETE
522,18.163673612662553,2023-09-16 04:07:01.252657,2023-09-16 04:07:30.883872,0 days 00:00:29.631215,0.6122374993502421,0.05371321473887361,3,407,0.10745956223210813,0.4711128267825614,0.7436454784571073,COMPLETE
523,18.669113756281593,2023-09-16 04:07:30.894879,2023-09-16 04:08:04.583349,0 days 00:00:33.688470,0.6583309267582884,0.07154469946553493,3,448,0.2084894623728999,0.3809204747035291,0.4081468510492347,COMPLETE
524,18.020524674279606,2023-09-16 04:08:04.583349,2023-09-16 04:08:42.672753,0 days 00:00:38.089404,0.7169150140367391,0.03157630082579237,4,371,0.3011218332167408,0.6826675971140503,0.6376242064486608,COMPLETE
525,26.444550968922407,2023-09-16 04:08:42.672753,2023-09-16 04:09:08.673210,0 days 00:00:26.000457,0.5362869899998065,0.6603289285844034,3,386,0.625015564324891,0.6981467651423066,0.7046441324744532,COMPLETE
526,18.139841593233655,2023-09-16 04:09:08.673210,2023-09-16 04:09:37.818645,0 days 00:00:29.145435,0.6893026696456923,0.014738192797772942,3,351,0.08294862496045094,0.4199122116835493,0.6155821993589073,COMPLETE
527,26.676475091748983,2023-09-16 04:09:37.818645,2023-09-16 04:10:16.624872,0 days 00:00:38.806227,0.6707290606338532,0.553362636581981,3,498,0.0514785295059612,0.9164811080412758,0.5709710991667484,COMPLETE
528,18.366396213528223,2023-09-16 04:10:16.624872,2023-09-16 04:11:04.113153,0 days 00:00:47.488281,0.8195401413810572,0.04951419605223241,3,532,0.48553766145276456,0.5840255836314578,0.5919897122513958,COMPLETE
529,18.23960775340645,2023-09-16 04:11:04.113153,2023-09-16 04:11:29.515519,0 days 00:00:25.402366,0.6270945219284811,0.09459655742459232,3,327,0.13834670174576558,0.6226259098490106,0.5255707795465894,COMPLETE
530,23.40224891425394,2023-09-16 04:11:29.515519,2023-09-16 04:12:04.917531,0 days 00:00:35.402012,0.7369467686817777,0.3982310596431907,3,434,0.025871184711529466,0.7789474448625774,0.6771739251039545,COMPLETE
531,25.86146393495642,2023-09-16 04:12:04.917531,2023-09-16 04:12:24.469556,0 days 00:00:19.552025,0.7084536235493366,0.2682427625321884,3,360,0.3819050668254157,0.663516276977907,0.08696421178695601,COMPLETE
532,19.573520448490836,2023-09-16 04:12:24.469556,2023-09-16 04:12:53.235300,0 days 00:00:28.765744,0.6501541249765647,0.16044070024341542,3,396,0.06693444518495192,0.7352902521262177,0.86136058290993,COMPLETE
533,18.28935087323932,2023-09-16 04:12:53.235300,2023-09-16 04:13:23.756396,0 days 00:00:30.521096,0.7874091542165454,0.031246523114305483,3,478,0.10692391532370576,0.5255612589516626,0.16244059613887157,COMPLETE
534,18.614595604829354,2023-09-16 04:13:23.756396,2023-09-16 04:14:05.560717,0 days 00:00:41.804321,0.6832744149955225,0.06815941437272958,4,422,0.08595695863907994,0.6457522123275647,0.6305516941853357,COMPLETE
535,18.257297520369455,2023-09-16 04:14:05.560717,2023-09-16 04:14:32.187625,0 days 00:00:26.626908,0.1317066452664588,0.01611231477858636,3,735,0.1228678726491704,0.6696287698407125,0.6590537224411028,COMPLETE
536,32.810106269160606,2023-09-16 04:14:32.187625,2023-09-16 04:14:54.642998,0 days 00:00:22.455373,0.5718470262999508,0.821981090159809,3,312,0.15563107600335746,0.7171277387544628,0.455446735008746,COMPLETE
537,23.869196993555022,2023-09-16 04:14:54.658633,2023-09-16 04:15:24.175116,0 days 00:00:29.516483,0.7523037350052463,0.350889600902638,3,345,0.27232288771383556,0.06622282779489042,0.595813714130849,COMPLETE
538,19.488118557681915,2023-09-16 04:15:24.175116,2023-09-16 04:15:53.384619,0 days 00:00:29.209503,0.6963044782554412,0.11139071217426255,3,376,0.03975286585270737,0.3848435301351788,0.39475987921612665,COMPLETE
539,25.627112358272115,2023-09-16 04:15:53.384619,2023-09-16 04:16:24.370597,0 days 00:00:30.985978,0.6626442148617667,0.6319909082668961,3,400,0.18682097477853118,0.8341455395553709,0.4703207914010832,COMPLETE
540,22.81556741033375,2023-09-16 04:16:24.370597,2023-09-16 04:16:58.996006,0 days 00:00:34.625409,0.6378676171246661,0.3138850072641576,3,455,0.06280017935948454,0.6950641772293158,0.5030166802376856,COMPLETE
541,18.325379999465206,2023-09-16 04:16:58.996006,2023-09-16 04:17:48.396729,0 days 00:00:49.400723,0.911704477548247,0.04566797136486144,3,511,0.5931182123811636,0.5544116022432528,0.5443384943959143,COMPLETE
542,19.015109547311646,2023-09-16 04:17:48.398339,2023-09-16 04:19:02.667341,0 days 00:01:14.269002,0.7255741020037644,0.06413073925239841,8,365,0.09707460006620157,0.3535514458468433,0.6237026800070041,COMPLETE
543,22.859849544413386,2023-09-16 04:19:02.667341,2023-09-16 04:19:29.222667,0 days 00:00:26.555326,0.4736279405139303,0.36561207250457317,4,333,0.4627233756425688,0.6168669370781892,0.5780175702233412,COMPLETE
544,24.12835534822673,2023-09-16 04:19:29.222667,2023-09-16 04:20:00.999917,0 days 00:00:31.777250,0.7109985240792995,0.45353263975724706,3,388,0.07903768553607064,0.6780043669630225,0.6106007950915582,COMPLETE
545,18.01835608652555,2023-09-16 04:20:00.999917,2023-09-16 04:20:25.468614,0 days 00:00:24.468697,0.45486682071604023,0.03178470059879136,3,380,0.021430544154223338,0.7565926325931596,0.5567571280556235,COMPLETE
546,18.168459281589804,2023-09-16 04:20:25.468614,2023-09-16 04:21:00.620287,0 days 00:00:35.151673,0.7669539454464238,0.08589558959939787,3,413,0.11514363997298065,0.6355910494188652,0.6491691297434057,COMPLETE
547,23.832710153785698,2023-09-16 04:21:00.620287,2023-09-16 04:21:19.974384,0 days 00:00:19.354097,0.3713397243292078,0.5347436218982151,3,356,0.05426894144376172,0.7960633157258391,0.8046369508772638,COMPLETE
548,99.99671633198287,2023-09-16 04:21:19.974384,2023-09-16 04:22:32.922939,0 days 00:01:12.948555,0.6738676636768,7.565315551466903e-05,12,467,0.14059417606313657,0.6573595230509818,0.21396220886446554,COMPLETE
549,19.939913163576698,2023-09-16 04:22:32.922939,2023-09-16 04:22:54.279588,0 days 00:00:21.356649,0.605819272052505,0.1787439884078648,3,287,0.09216538640651503,0.4040469027518963,0.6882289212179982,COMPLETE
550,18.0896663924396,2023-09-16 04:22:54.279588,2023-09-16 04:23:33.542946,0 days 00:00:39.263358,0.6941624635545913,0.04566503272099697,3,491,0.06576897358228018,0.726488273954138,0.5898467346168501,COMPLETE
551,22.661402900855915,2023-09-16 04:23:33.542946,2023-09-16 04:24:32.661037,0 days 00:00:59.118091,0.6485238843917354,0.39088310858319036,6,439,0.11708494471588343,0.7037254341246156,0.6389421486907062,COMPLETE
552,21.093788707726166,2023-09-16 04:24:32.661037,2023-09-16 04:24:52.712420,0 days 00:00:20.051383,0.7320927855661378,0.12749082557565594,3,342,0.041584742936060466,0.2684384595547653,0.11348666787504574,COMPLETE
553,18.06548923473006,2023-09-16 04:24:52.712420,2023-09-16 04:25:29.027988,0 days 00:00:36.315568,0.6769310434751528,0.018917884845418315,4,370,0.4947620065377274,0.6786268265320734,0.6667833355638116,COMPLETE
554,18.09477549442301,2023-09-16 04:25:29.027988,2023-09-16 04:25:58.182777,0 days 00:00:29.154789,0.6281786238071132,0.05836580784278762,3,400,0.24364232422583929,0.60878364871488,0.7518161532967735,COMPLETE
555,18.087449001995036,2023-09-16 04:25:58.182777,2023-09-16 04:26:24.624202,0 days 00:00:26.441425,0.7169555298918698,0.027632142928953277,3,311,0.22067781296264805,0.6483978027370506,0.5648909987558741,COMPLETE
556,18.385191720828885,2023-09-16 04:26:24.624202,2023-09-16 04:26:52.913277,0 days 00:00:28.289075,0.6590960805389284,0.07391320944972093,3,355,0.5545716020643123,0.22673381873697995,0.5216528811511665,COMPLETE
557,88.34873604326309,2023-09-16 04:26:52.918282,2023-09-16 04:29:04.386910,0 days 00:02:11.468628,0.6967389616821309,0.00030293408091613266,11,556,0.5328795672493513,0.7484815887312973,0.6171154084559989,COMPLETE
558,40.03993586287052,2023-09-16 04:29:04.386910,2023-09-16 04:29:50.176162,0 days 00:00:45.789252,0.848631736002265,0.7393999511419146,3,520,0.39151109787516286,0.038007520801727424,0.7034523512911882,COMPLETE
559,18.207502299349763,2023-09-16 04:29:50.176162,2023-09-16 04:30:18.040346,0 days 00:00:27.864184,0.7468825280652371,0.045523274122876725,3,324,0.44163549367764077,0.9486421164382633,0.6013599248353673,COMPLETE
560,20.88753275384851,2023-09-16 04:30:18.040346,2023-09-16 04:30:52.078411,0 days 00:00:34.038065,0.6836563639606263,0.22726419640987106,3,424,0.0009369563284282248,0.2982856443648861,0.5420653172435095,COMPLETE
561,18.235763834062944,2023-09-16 04:30:52.078411,2023-09-16 04:31:19.586830,0 days 00:00:27.508419,0.65401194616113,0.03408386763840792,3,390,0.08437801761344846,0.6963911432575765,0.9420133847141163,COMPLETE
562,21.52147782237177,2023-09-16 04:31:19.586830,2023-09-16 04:31:50.099410,0 days 00:00:30.512580,0.7083380894161627,0.24357454596855704,3,373,0.6977645770293361,0.12030306893953158,0.6340152558207073,COMPLETE
563,18.976924791941602,2023-09-16 04:31:50.115047,2023-09-16 04:32:23.666747,0 days 00:00:33.551700,0.5995527286770366,0.0899937545745206,3,454,0.10245113234987381,0.08416006179513857,0.5753559358266549,COMPLETE
564,27.6488450673896,2023-09-16 04:32:23.666747,2023-09-16 04:32:49.846140,0 days 00:00:26.179393,0.629118712948943,0.5366760920519034,3,343,0.6404536874752718,0.6614749143099562,0.6532672266880118,COMPLETE
565,24.67204401959226,2023-09-16 04:32:49.846140,2023-09-16 04:33:21.202312,0 days 00:00:31.356172,0.6726402754503461,0.501023227304764,3,409,0.35757239627839643,0.5771431369342777,0.72651821581611,COMPLETE
566,23.26254831359627,2023-09-16 04:33:21.217937,2023-09-16 04:33:52.276736,0 days 00:00:31.058799,0.5094228393786387,0.47061396951284695,3,479,0.16741543856331148,0.8539968838615094,0.6753103510941586,COMPLETE
567,26.068139975499214,2023-09-16 04:33:52.276736,2023-09-16 04:34:16.143218,0 days 00:00:23.866482,0.4481510780684882,0.678860093410932,3,379,0.06939878155607028,0.7258892169591162,0.6140144519340198,COMPLETE
568,18.126646008631894,2023-09-16 04:34:16.143218,2023-09-16 04:34:42.789137,0 days 00:00:26.645919,0.5814467927009188,0.017592743117995507,3,362,0.8543828229912199,0.6269753883934637,0.5839235939564537,COMPLETE
569,36.50928522199089,2023-09-16 04:34:42.789137,2023-09-16 04:35:23.462885,0 days 00:00:40.673748,0.7689469692420144,0.8769984165326695,4,393,0.034625912886403765,0.6807934319516082,0.4221189898954745,COMPLETE
570,18.51775110561305,2023-09-16 04:35:23.462885,2023-09-16 04:35:51.653047,0 days 00:00:28.190162,0.7391293287550519,0.058843216577867376,3,329,0.13353243955319188,0.16821853130343278,0.4962244024408228,COMPLETE
571,19.200434960650384,2023-09-16 04:35:51.668682,2023-09-16 04:36:36.784100,0 days 00:00:45.115418,0.3046026396645359,0.04092932825995302,9,505,0.05397770640235652,0.7086184541110039,0.1710730317876431,COMPLETE
572,18.18048199868769,2023-09-16 04:36:36.784100,2023-09-16 04:37:02.240555,0 days 00:00:25.456455,0.7231882680405324,0.07513144608300987,3,302,0.32317667630990754,0.6406472587029244,0.6298288916414394,COMPLETE
573,18.098715968812996,2023-09-16 04:37:02.240555,2023-09-16 04:37:40.789852,0 days 00:00:38.549297,0.7912441196466304,0.01970242666276994,3,432,0.09130188519897145,0.8868700765492225,0.5509442318368163,COMPLETE
574,24.989980510117913,2023-09-16 04:37:40.789852,2023-09-16 04:38:26.953028,0 days 00:00:46.163176,0.6928676206367831,0.4388913620840084,4,466,0.3407483760554626,0.5922854499475454,0.6030489285078104,COMPLETE
575,18.059032837007727,2023-09-16 04:38:26.953028,2023-09-16 04:38:43.812956,0 days 00:00:16.859928,0.4316166948430636,0.053228942099245655,3,346,0.10960768131666317,0.7688494690941634,0.1489210493538915,COMPLETE
576,31.750798158341194,2023-09-16 04:38:43.812956,2023-09-16 04:39:06.642975,0 days 00:00:22.830019,0.6447876558365091,0.5016827283150778,3,382,0.1990537507600894,0.6648025092004852,0.17820603836830406,COMPLETE
577,18.007722742041665,2023-09-16 04:39:06.642975,2023-09-16 04:39:33.779088,0 days 00:00:27.136113,0.6676778034630289,0.0315995171093012,3,367,0.14987632580991783,0.6857114808499656,0.3606664954571337,COMPLETE
578,18.424887332785115,2023-09-16 04:39:33.779088,2023-09-16 04:40:05.851360,0 days 00:00:32.072272,0.41878630338742173,0.01490600412691626,7,359,0.14739315685445967,0.4945962148800086,0.1803477899206487,COMPLETE
579,17.99426638398215,2023-09-16 04:40:05.851360,2023-09-16 04:40:30.955573,0 days 00:00:25.104213,0.663577845901324,0.029252170256048267,3,332,0.18283307989280456,0.6765614873807562,0.7880709263674449,COMPLETE
580,87.71697504999283,2023-09-16 04:40:30.955573,2023-09-16 04:40:54.903875,0 days 00:00:23.948302,0.6281283502991108,0.0005092114167807305,3,332,0.23019927829259404,0.6503960666781639,0.7771027362326862,COMPLETE
581,24.19535011603396,2023-09-16 04:40:54.903875,2023-09-16 04:41:25.895983,0 days 00:00:30.992108,0.9521501870189718,0.4917253727645043,3,323,0.17503703731993608,0.32753173530863966,0.7641042659699343,COMPLETE
582,20.101171369632503,2023-09-16 04:41:25.895983,2023-09-16 04:41:43.253190,0 days 00:00:17.357207,0.39541033516977553,0.3010343134615939,3,296,0.1642201134965278,0.6273280903942667,0.7857719198707194,COMPLETE
583,24.455213679162632,2023-09-16 04:41:43.253190,2023-09-16 04:42:07.434165,0 days 00:00:24.180975,0.6564530382748613,0.5376392784521467,3,315,0.1902651746281524,0.6739269892518001,0.7011720286837471,COMPLETE
584,23.66919604641891,2023-09-16 04:42:07.434165,2023-09-16 04:42:39.311837,0 days 00:00:31.877672,0.6778758024329918,0.3377218243636883,4,337,0.12561321760971106,0.6122478077518516,0.7923757074761564,COMPLETE
585,19.597564087062842,2023-09-16 04:42:39.311837,2023-09-16 04:43:14.289638,0 days 00:00:34.977801,0.6447992920877619,0.11050927473962542,3,489,0.42385025710440427,0.16160088064096523,0.8177854327124725,COMPLETE
586,18.065548934960752,2023-09-16 04:43:14.301148,2023-09-16 04:43:38.711746,0 days 00:00:24.410598,0.6919671603956826,0.06260383100151237,3,306,0.1321814387487918,0.5480643529967442,0.7365046781027885,COMPLETE
587,18.12142407513764,2023-09-16 04:43:38.711746,2023-09-16 04:44:01.260862,0 days 00:00:22.549116,0.3276143779334444,0.042763414701135566,3,442,0.20307218876103278,0.6606179614105242,0.8030309734229827,COMPLETE
588,18.47167164317421,2023-09-16 04:44:01.260862,2023-09-16 04:44:23.558265,0 days 00:00:22.297403,0.49380024994584365,0.08898486507865272,3,343,0.5638104962168906,0.8270859351160599,0.7441527804860839,COMPLETE
589,18.183811091033142,2023-09-16 04:44:23.558265,2023-09-16 04:44:44.511339,0 days 00:00:20.953074,0.6243453791377777,0.02007666012093182,3,275,0.5191208560922701,0.6957675423234864,0.7152827704419621,COMPLETE
590,19.858099206439125,2023-09-16 04:44:44.511339,2023-09-16 04:45:02.431089,0 days 00:00:17.919750,0.6100149796424096,0.14617766298297505,3,320,0.2901105687943689,0.6388585802320008,0.13173529384944116,COMPLETE
591,28.499717161844863,2023-09-16 04:45:02.431089,2023-09-16 04:45:36.657154,0 days 00:00:34.226065,0.6695299989394793,0.5796143052381809,3,459,0.2587199543236325,0.6747750087581481,0.7760256633827968,COMPLETE
592,23.345720801233576,2023-09-16 04:45:36.657154,2023-09-16 04:46:08.783363,0 days 00:00:32.126209,0.6580357819743627,0.39701024215945546,3,421,0.11002923171458426,0.9054168162677819,0.6821140104310246,COMPLETE
593,20.365361917679625,2023-09-16 04:46:08.783363,2023-09-16 04:46:52.787873,0 days 00:00:44.004510,0.5461373329530924,0.16421172477384027,4,528,0.5786895891551174,0.6949250142597274,0.6599139072745542,COMPLETE
594,21.933997846848417,2023-09-16 04:46:52.803498,2023-09-16 04:47:20.091011,0 days 00:00:27.287513,0.7040934173228917,0.26280925188961646,3,353,0.49967714115842793,0.6525035043107843,0.8148545251324621,COMPLETE
595,18.747184307240573,2023-09-16 04:47:20.091011,2023-09-16 04:47:45.060715,0 days 00:00:24.969704,0.6844002567697899,0.0681615712496095,3,339,0.16193202766967357,0.5824427520591797,0.3211582679818968,COMPLETE
596,18.084254420622752,2023-09-16 04:47:45.060715,2023-09-16 04:48:20.688010,0 days 00:00:35.627295,0.6373553306114873,0.031221296189537846,3,475,0.08715233006869891,0.6087752837520587,0.44042344295133656,COMPLETE
597,18.346692268197238,2023-09-16 04:48:20.699016,2023-09-16 04:48:38.793795,0 days 00:00:18.094779,0.23509386018663214,0.051648321562361724,3,403,0.02124448738899755,0.4484295395515647,0.8244661821653336,COMPLETE
598,26.891360856741038,2023-09-16 04:48:38.794800,2023-09-16 04:49:01.770406,0 days 00:00:22.975606,0.7105569773708842,0.6082565845032146,3,293,0.39599872366492095,0.7127928879992835,0.8487769951535051,COMPLETE
599,73.83735698759196,2023-09-16 04:49:01.770406,2023-09-16 04:49:31.024671,0 days 00:00:29.254265,0.9220586191023947,0.0011061948458348375,3,316,0.21715630870577113,0.23274512470774744,0.768389275495935,COMPLETE
600,19.618465181755788,2023-09-16 04:49:31.024671,2023-09-16 04:50:09.847764,0 days 00:00:38.823093,0.6661753037845302,0.1858056112752472,3,498,0.1791232589365439,0.6724081099617835,0.5242221050874813,COMPLETE
601,27.755151164621328,2023-09-16 04:50:09.863389,2023-09-16 04:50:47.826022,0 days 00:00:37.962633,0.8656696069904153,0.5879259115379183,3,414,0.07509344335218797,0.6333321378657268,0.6452657352995861,COMPLETE
602,18.157676664272774,2023-09-16 04:50:47.826022,2023-09-16 04:51:18.924168,0 days 00:00:31.098146,0.6876597184464633,0.031587834090645125,3,445,0.13148846156884716,0.735200226073721,0.29106345536214695,COMPLETE
603,18.268409830089357,2023-09-16 04:51:18.925673,2023-09-16 04:51:53.327750,0 days 00:00:34.402077,0.6449498057851338,0.05462913876333996,5,329,0.9050840263709332,0.532785438414823,0.9828998678692491,COMPLETE
604,23.09004529157222,2023-09-16 04:51:53.327750,2023-09-16 04:52:18.766088,0 days 00:00:25.438338,0.812421706630171,0.2229555152209176,3,353,0.10324813178542083,0.19278134026305882,0.21065455746789286,COMPLETE
605,18.256459634476013,2023-09-16 04:52:18.766088,2023-09-16 04:52:47.391700,0 days 00:00:28.625612,0.5938693407390534,0.07802601998730446,3,395,0.3012474264527205,0.656364019143175,0.6670812027793704,COMPLETE
606,18.88472916414266,2023-09-16 04:52:47.391700,2023-09-16 04:53:17.472358,0 days 00:00:30.080658,0.7020329679081201,0.12318395565094689,3,375,0.04430969749740883,0.6913542281379238,0.6884730398533229,COMPLETE
607,18.233853656693476,2023-09-16 04:53:17.472358,2023-09-16 04:53:59.229901,0 days 00:00:41.757543,0.6167996519114629,0.017627947968708566,4,480,0.07184067634448316,0.6383270451986323,0.8336545585601689,COMPLETE
608,28.597069226853726,2023-09-16 04:53:59.229901,2023-09-16 04:54:36.420728,0 days 00:00:37.190827,0.9646954994000161,0.6547030338154657,3,365,0.1468821101060851,0.6813727807107145,0.5633171308836042,COMPLETE
609,18.079749940408778,2023-09-16 04:54:36.420728,2023-09-16 04:55:08.597868,0 days 00:00:32.177140,0.6696081688603882,0.04293840947735762,3,429,0.11210728721723175,0.8606408841909224,0.7969764624207091,COMPLETE
610,18.783943644424383,2023-09-16 04:55:08.597868,2023-09-16 04:55:32.764481,0 days 00:00:24.166613,0.527169182020002,0.0971488992711977,3,344,0.05087908754693239,0.7865586808418478,0.5111932315368363,COMPLETE
611,18.144180751927887,2023-09-16 04:55:32.780106,2023-09-16 04:56:02.735231,0 days 00:00:29.955125,0.7211656485276832,0.020948934426989835,3,386,0.7521140689281979,0.565401859629046,0.8536539181397231,COMPLETE
