number,value,datetime_start,datetime_complete,duration,params_colsample_bytree,params_learning_rate,params_max_depth,params_n_estimators,params_reg_alpha,params_reg_lambda,params_subsample,state
408,20.08000423627426,2023-09-16 03:01:39.336281,2023-09-16 03:02:15.900072,0 days 00:00:36.563791,0.7083194182763282,0.19265231192739585,3,459,0.020826080330861238,0.7657735362200222,0.6550630548912223,COMPLETE
409,23.544510456100202,2023-09-16 03:02:15.900072,2023-09-16 03:02:49.934379,0 days 00:00:34.034307,0.8881702550871727,0.38437634479403127,3,359,0.06860681642126366,0.6547756775775271,0.6260613413031255,COMPLETE
410,18.12276154445172,2023-09-16 03:02:49.934379,2023-09-16 03:03:23.576387,0 days 00:00:33.642008,0.7691950749633382,0.01805084414560851,3,387,0.13395869376581646,0.7117453218527858,0.5862060526257864,COMPLETE
411,76.55295979475329,2023-09-16 03:03:23.576387,2023-09-16 03:04:01.474001,0 days 00:00:37.897614,0.649720972119414,0.0006099021895114957,3,506,0.08961556301429335,0.22581638022078954,0.6155858343074543,COMPLETE
412,18.34013776898805,2023-09-16 03:04:01.489625,2023-09-16 03:04:34.661680,0 days 00:00:33.172055,0.682666473392401,0.060879724523573056,3,422,0.6584480703664818,0.20842243024425822,0.6424256938174571,COMPLETE
413,20.579438077663337,2023-09-16 03:04:34.661680,2023-09-16 03:05:05.439162,0 days 00:00:30.777482,0.6960739658764503,0.26331499029961924,3,375,0.051078362931148424,0.6893857752332282,0.5654657390202873,COMPLETE
414,18.475452720431566,2023-09-16 03:05:05.439162,2023-09-16 03:05:57.739344,0 days 00:00:52.300182,0.6650447938740633,0.042116805733423045,4,536,0.10604477740654711,0.6569491067494607,0.5333251450871193,COMPLETE
415,24.011733607377174,2023-09-16 03:05:57.739344,2023-09-16 03:06:33.703240,0 days 00:00:35.963896,0.7194024578162774,0.3023390626896496,3,443,0.07428996571955145,0.13325493707830516,0.6581777687820989,COMPLETE
416,23.595174716282152,2023-09-16 03:06:33.703240,2023-09-16 03:07:13.797602,0 days 00:00:40.094362,0.9467401444687664,0.5230627044932514,3,400,0.1296372603558289,0.8659795943494591,0.5915451844940705,COMPLETE
417,18.10234220412618,2023-09-16 03:07:13.797602,2023-09-16 03:07:33.457997,0 days 00:00:19.660395,0.34678714300575003,0.019631077621733516,3,359,0.033784673384047864,0.9734629457684437,0.6711491245389232,COMPLETE
418,18.848132244791437,2023-09-16 03:07:33.457997,2023-09-16 03:08:10.427806,0 days 00:00:36.969809,0.6523167197375662,0.0819050025670085,3,483,0.06104445372382172,0.7437261064395926,0.6150612131375937,COMPLETE
419,27.00696621256342,2023-09-16 03:08:10.427806,2023-09-16 03:08:41.391078,0 days 00:00:30.963272,0.6813066201292279,0.6121178187457171,3,382,0.09503476022010966,0.6705450543362846,0.5511437576975248,COMPLETE
420,18.36046156469139,2023-09-16 03:08:41.391078,2023-09-16 03:09:29.591924,0 days 00:00:48.200846,0.747947959101227,0.05780760072417286,3,585,0.11073730670478957,0.6423229331489863,0.6376110102346871,COMPLETE
421,19.35473579222787,2023-09-16 03:09:29.591924,2023-09-16 03:11:07.980030,0 days 00:01:38.388106,0.6997558978243548,0.032100904663365015,11,336,0.08447558415747539,0.7203497448298585,0.5746706537376862,COMPLETE
422,79.39979138310693,2023-09-16 03:11:07.980030,2023-09-16 03:11:34.609713,0 days 00:00:26.629683,0.6414475788075409,0.0007833432785647777,3,346,0.04248437280550273,0.6949774200533564,0.5208832222124913,COMPLETE
423,18.155927421316758,2023-09-16 03:11:34.609713,2023-09-16 03:12:09.072146,0 days 00:00:34.462433,0.7271736774664294,0.06698805776682615,3,412,0.017425761247682414,0.793355974683481,0.6023975412678502,COMPLETE
424,18.143717261790464,2023-09-16 03:12:09.072146,2023-09-16 03:12:38.134005,0 days 00:00:29.061859,0.6721427788043719,0.04544804658316258,3,366,0.06698473740360662,0.6353622188156963,0.6328012717074358,COMPLETE
425,18.710075713858743,2023-09-16 03:12:38.134005,2023-09-16 03:13:17.731241,0 days 00:00:39.597236,0.7118986304052698,0.10205183834786966,4,396,0.1401415685407454,0.6786973649482715,0.6927659657037788,COMPLETE
426,18.07473356394435,2023-09-16 03:13:17.731241,2023-09-16 03:13:57.166033,0 days 00:00:39.434792,0.7823103916623552,0.022371084732416932,3,463,0.11507226204517623,0.6582578612947612,0.43843451534717776,COMPLETE
427,31.16791587072015,2023-09-16 03:13:57.166033,2023-09-16 03:14:45.009276,0 days 00:00:47.843243,0.631276626097002,0.7776467935165938,5,431,0.08596062888819048,0.6126996648097309,0.6657006907697147,COMPLETE
428,22.6559692061071,2023-09-16 03:14:45.009276,2023-09-16 03:15:15.137238,0 days 00:00:30.127962,0.6902342856305663,0.3312855986758526,3,373,0.05203250613735713,0.3519333004050947,0.49674189372245553,COMPLETE
429,23.985167778545133,2023-09-16 03:15:15.137238,2023-09-16 03:15:47.984713,0 days 00:00:32.847475,0.8407575199702851,0.4786562975363534,3,355,0.1001863257365525,0.7024722577262679,0.5907037146961978,COMPLETE
430,18.204421569022145,2023-09-16 03:15:47.984713,2023-09-16 03:16:10.972956,0 days 00:00:22.988243,0.6595189416203635,0.04529519982635147,3,327,0.03189175566957878,0.7373213145878595,0.9874392745674593,COMPLETE
431,18.588536455283162,2023-09-16 03:16:10.972956,2023-09-16 03:16:51.691627,0 days 00:00:40.718671,0.7397796212497284,0.08540625843683355,3,478,0.07398621677195458,0.7657439754724613,0.541698462345338,COMPLETE
432,25.267448710806008,2023-09-16 03:16:51.691627,2023-09-16 03:17:23.027415,0 days 00:00:31.335788,0.701380915787989,0.4908417449079411,3,386,0.11637371196963675,0.8186363519718334,0.6131250930906356,COMPLETE
433,18.087829053935238,2023-09-16 03:17:23.027415,2023-09-16 03:17:58.109701,0 days 00:00:35.082286,0.7619758391540323,0.01807968746009452,3,405,0.5663250185648394,0.6711974519113681,0.5653975251183221,COMPLETE
434,22.701156597687707,2023-09-16 03:17:58.109701,2023-09-16 03:18:22.545823,0 days 00:00:24.436122,0.6787266876663867,0.4568230521223262,3,303,0.1337587506190596,0.7208000168429552,0.6451251783979987,COMPLETE
435,18.326811952602213,2023-09-16 03:18:22.545823,2023-09-16 03:18:51.047869,0 days 00:00:28.502046,0.38690657423185426,0.06582083807039726,3,502,0.15714576415478812,0.6482448868743622,0.6186894342068187,COMPLETE
436,18.191936997744712,2023-09-16 03:18:51.047869,2023-09-16 03:19:39.541022,0 days 00:00:48.493153,0.6460031668606596,0.03475805155460081,6,345,0.06379662363486718,0.4175661199789399,0.5828056892619131,COMPLETE
437,19.44323245726197,2023-09-16 03:19:39.541022,2023-09-16 03:20:21.468978,0 days 00:00:41.927956,0.7213035392809313,0.12065225901678088,3,525,0.5135622319147208,0.9986362241463916,0.6843002037524846,COMPLETE
438,18.087726305825576,2023-09-16 03:20:21.468978,2023-09-16 03:20:51.248473,0 days 00:00:29.779495,0.6667364191433963,0.014894824900525423,3,367,0.014972014998068134,0.6266198671624582,0.646046232671147,COMPLETE
439,18.288816909367455,2023-09-16 03:20:51.248473,2023-09-16 03:21:36.640499,0 days 00:00:45.392026,0.9606647287647913,0.05190519658965953,3,452,0.09022038994728468,0.2514030053206856,0.5483215981525342,COMPLETE
440,18.42812265803762,2023-09-16 03:21:36.656134,2023-09-16 03:22:12.580728,0 days 00:00:35.924594,0.6181680089156201,0.07383763505446725,4,388,0.44415210586894216,0.6893030280304503,0.6653965726965791,COMPLETE
441,24.84446740167703,2023-09-16 03:22:12.596354,2023-09-16 03:22:46.935589,0 days 00:00:34.339235,0.6979662516191992,0.5386880310531575,3,426,0.046437601709200235,0.7076310467758036,0.5988531736769347,COMPLETE
442,18.079048269724666,2023-09-16 03:22:46.935589,2023-09-16 03:23:16.715418,0 days 00:00:29.779829,0.7356184314413233,0.034189644306644076,3,354,0.10188720336886496,0.6725332760464097,0.6259861137163912,COMPLETE
443,70.8155221930327,2023-09-16 03:23:16.726928,2023-09-16 03:23:51.724035,0 days 00:00:34.997107,0.6836353221200444,0.0008809050127655399,3,442,0.08306066189396652,0.6419380863401202,0.5235432761022099,COMPLETE
444,18.474597469536523,2023-09-16 03:23:51.724035,2023-09-16 03:24:19.826963,0 days 00:00:28.102928,0.712982627501247,0.09890877463773456,3,335,0.06191384179121907,0.7534051301916133,0.5676060807323094,COMPLETE
445,18.085275399141445,2023-09-16 03:24:19.826963,2023-09-16 03:24:48.187046,0 days 00:00:28.360083,0.644529323452079,0.0548064064810278,3,376,0.13271303205710178,0.7298186390931545,0.713546625832624,COMPLETE
446,18.05114376560262,2023-09-16 03:24:48.187046,2023-09-16 03:25:28.607148,0 days 00:00:40.420102,0.663919662414484,0.028919746563156164,4,414,0.03609663806916113,0.6103528212540812,0.6076223971012117,COMPLETE
447,20.002247296046242,2023-09-16 03:25:28.607148,2023-09-16 03:26:09.721550,0 days 00:00:41.114402,0.8008471830489501,0.21350569847010986,3,471,0.47840002382183466,0.6854996313256104,0.6321571425880926,COMPLETE
448,19.437493577565807,2023-09-16 03:26:09.737175,2023-09-16 03:26:36.033443,0 days 00:00:26.296268,0.747193025912709,0.17344041783918157,3,310,0.15284861499104066,0.6654612066569756,0.6578300304940685,COMPLETE
449,18.14059125081834,2023-09-16 03:26:36.033443,2023-09-16 03:27:17.949029,0 days 00:00:41.915586,0.6347207031686903,0.015772126256331148,3,645,0.0006029566896026198,0.7050402848146673,0.9981327219832541,COMPLETE
450,22.705217118053913,2023-09-16 03:27:17.949029,2023-09-16 03:27:48.255448,0 days 00:00:30.306419,0.6873283484294807,0.3643348993559094,3,397,0.11382222089300141,0.17351185718058837,0.7822863094649768,COMPLETE
451,23.807748612653672,2023-09-16 03:27:48.255448,2023-09-16 03:28:08.527873,0 days 00:00:20.272425,0.24637444685122634,0.41833220946234867,3,492,0.07960038961936966,0.8499410560193786,0.23913650985040835,COMPLETE
452,18.36060631105744,2023-09-16 03:28:08.527873,2023-09-16 03:28:36.972137,0 days 00:00:28.444264,0.7664038102000289,0.04968521346144009,3,364,0.6789855675870009,0.7797871424684976,0.31986907651728813,COMPLETE
453,18.46301571728788,2023-09-16 03:28:36.972137,2023-09-16 03:29:07.993013,0 days 00:00:31.020876,0.7120277860766814,0.08033489678050625,3,377,0.2800058672608793,0.633526126124101,0.4734883625254616,COMPLETE
454,29.118307019685215,2023-09-16 03:29:07.993013,2023-09-16 03:29:32.662422,0 days 00:00:24.669409,0.4227339208810404,0.8096091256439099,4,348,0.06269154274690744,0.6552718538987331,0.7595544829169801,COMPLETE
455,18.08942118494343,2023-09-16 03:29:32.662422,2023-09-16 03:29:57.283152,0 days 00:00:24.620730,0.612950916799545,0.035795095505252617,3,323,0.100287290641249,0.6895222663153514,0.5838526549107707,COMPLETE
456,21.675454495975462,2023-09-16 03:29:57.283152,2023-09-16 03:30:29.178957,0 days 00:00:31.895805,0.671617232792855,0.2874593920022095,3,402,0.12491600545517947,0.7246191210645629,0.5089831649210665,COMPLETE
457,20.04287184918102,2023-09-16 03:30:29.178957,2023-09-16 03:31:05.585086,0 days 00:00:36.406129,0.898185547867997,0.13570844428697626,3,387,0.49361913586653583,0.2544224640626953,0.6820925617311726,COMPLETE
458,18.22673996684781,2023-09-16 03:31:05.585086,2023-09-16 03:31:43.735984,0 days 00:00:38.150898,0.7299408837600819,0.057399495818113724,3,458,0.026644635765196545,0.6604758623922179,0.5646536814079983,COMPLETE
459,18.15796796301449,2023-09-16 03:31:43.735984,2023-09-16 03:32:09.064469,0 days 00:00:25.328485,0.6562002622614714,0.01839846110814431,3,360,0.37021743902651016,0.5997833458978057,0.9647947451703198,COMPLETE
460,18.350474847576372,2023-09-16 03:32:09.064469,2023-09-16 03:32:37.199432,0 days 00:00:28.134963,0.6983771747802866,0.06310347567606808,3,341,0.17747309042901668,0.07659389075901646,0.5320438399694021,COMPLETE
461,26.31103179916092,2023-09-16 03:32:37.199432,2023-09-16 03:33:03.296963,0 days 00:00:26.097531,0.45341887895513494,0.4536241212477154,3,414,0.04866797534165778,0.31852315155506417,0.6102384513712,COMPLETE
462,18.190413129373987,2023-09-16 03:33:03.312585,2023-09-16 03:33:30.396496,0 days 00:00:27.083911,0.6802050604177776,0.03239977013300788,3,438,0.08234781611289481,0.6262172174334603,0.18996679586892784,COMPLETE
463,89.34821665874628,2023-09-16 03:33:30.396496,2023-09-16 03:33:57.921053,0 days 00:00:27.524557,0.627833995198876,0.00039717948954047164,3,378,0.1014471023877432,0.7031450429229075,0.7033452760313086,COMPLETE
464,19.140255060506284,2023-09-16 03:33:57.921053,2023-09-16 03:34:36.473747,0 days 00:00:38.552694,0.7206999806238146,0.10176205181342228,3,475,0.40094010513106115,0.11921634466530662,0.6398750991499832,COMPLETE
465,22.700837171393953,2023-09-16 03:34:36.473747,2023-09-16 03:35:02.510562,0 days 00:00:26.036815,0.6538980476465784,0.44525850771902764,3,330,0.23222136153805528,0.6799143157698204,0.5896679537923696,COMPLETE
466,18.215001465022585,2023-09-16 03:35:02.510562,2023-09-16 03:35:34.158455,0 days 00:00:31.647893,0.7497307013180543,0.07741365379241386,3,368,0.144988116435394,0.6502450392899937,0.5550566764945926,COMPLETE
467,18.3783895951256,2023-09-16 03:35:34.158455,2023-09-16 03:36:25.500208,0 days 00:00:51.341753,0.7020618833442045,0.0453422104300001,4,519,0.0737414555566604,0.7448997499605066,0.6570165550407853,COMPLETE
468,23.33418028309663,2023-09-16 03:36:25.500208,2023-09-16 03:37:09.515434,0 days 00:00:44.015226,0.7829108462811015,0.3883843032721619,3,507,0.12152211734278227,0.6810071487677789,0.4916816164316673,COMPLETE
469,23.5068030591792,2023-09-16 03:37:09.515434,2023-09-16 03:37:40.839806,0 days 00:00:31.324372,0.6776263637543098,0.4114130035677579,3,395,0.05353810638264628,0.7070812709684908,0.6255349355384376,COMPLETE
470,18.085709809441354,2023-09-16 03:37:40.839806,2023-09-16 03:38:10.178475,0 days 00:00:29.338669,0.7278705694196426,0.018239444755129446,3,352,0.3045387129158942,0.7978595710763252,0.4587841379583931,COMPLETE
471,18.01601842905007,2023-09-16 03:38:10.178475,2023-09-16 03:38:34.468132,0 days 00:00:24.289657,0.6950764545721039,0.039141298554362325,3,299,0.09949736776935819,0.8294903577333644,0.6693451150682892,COMPLETE
472,22.156748335256648,2023-09-16 03:38:34.483759,2023-09-16 03:39:03.279758,0 days 00:00:28.795999,0.3700699923920741,0.3012464958356964,4,427,0.025157383695743954,0.6156919046139744,0.596824273224539,COMPLETE
473,24.61275302878791,2023-09-16 03:39:03.279758,2023-09-16 03:39:32.617632,0 days 00:00:29.337874,0.646639614692055,0.5714659611252084,3,378,0.5328301580985937,0.6416345344677356,0.5727183320164579,COMPLETE
474,18.463740412298353,2023-09-16 03:39:32.620636,2023-09-16 03:40:07.691171,0 days 00:00:35.070535,0.5694869190370586,0.06610317284119968,3,491,0.8360300595404907,0.7271286380261327,0.5443668802199252,COMPLETE
475,20.639279072753233,2023-09-16 03:40:07.691171,2023-09-16 03:40:37.694547,0 days 00:00:30.003376,0.615343862819437,0.24419645410772844,3,403,0.4397245715552789,0.6718022936976098,0.6221442286204761,COMPLETE
476,18.672922941514827,2023-09-16 03:40:37.694547,2023-09-16 03:41:03.164644,0 days 00:00:25.470097,0.6630597440034663,0.1420027148488568,3,320,0.07752233739455765,0.7534927059339854,0.6487863696747641,COMPLETE
477,41.91300091632921,2023-09-16 03:41:03.164644,2023-09-16 03:41:42.172067,0 days 00:00:39.007423,0.704355536565546,0.4793216739040881,7,338,0.04230653847498466,0.6930218442394054,0.15690487357665928,COMPLETE
478,77.63242427189218,2023-09-16 03:41:42.172067,2023-09-16 03:42:13.351182,0 days 00:00:31.179115,0.7669759169568569,0.0008202181019328382,3,361,0.13396984598377676,0.6637431235908717,0.5033504778122407,COMPLETE
479,31.55455784318991,2023-09-16 03:42:13.351182,2023-09-16 03:42:55.230378,0 days 00:00:41.879196,0.8747289364033706,0.6960504726187684,3,462,0.16216486884659154,0.632005632294304,0.6979265673423961,COMPLETE
480,25.12449250302945,2023-09-16 03:42:55.230378,2023-09-16 03:43:34.930287,0 days 00:00:39.699909,0.8256507060108738,0.35051577518661686,3,448,0.06582389977909983,0.012268485544476349,0.44977995293507733,COMPLETE
481,18.009918077821947,2023-09-16 03:43:34.930287,2023-09-16 03:44:06.172491,0 days 00:00:31.242204,0.6823641236145015,0.02826119017738154,3,389,0.5785233552671266,0.8454592071084561,0.6142680960497862,COMPLETE
482,21.577088219789392,2023-09-16 03:44:06.172491,2023-09-16 03:44:46.190184,0 days 00:00:40.017693,0.9241475024899191,0.23156579003837896,3,419,0.25553374984647914,0.18944822519305948,0.6789449275142423,COMPLETE
483,19.89811586701571,2023-09-16 03:44:46.190184,2023-09-16 03:45:15.900050,0 days 00:00:29.709866,0.7375466668790329,0.21736092821823955,3,350,0.09586312881068769,0.6002788187915367,0.581120606767439,COMPLETE
484,33.39976022836643,2023-09-16 03:45:15.900050,2023-09-16 03:45:34.355197,0 days 00:00:18.455147,0.6414789137203971,0.326528302208026,3,370,0.5488582788698869,0.7160899543093657,0.0640425109845083,COMPLETE
485,26.558502473551535,2023-09-16 03:45:34.355197,2023-09-16 03:46:06.179429,0 days 00:00:31.824232,0.7119938120231033,0.6040239784662595,3,390,0.11906165595525268,0.7659440861361201,0.6405556689554462,COMPLETE
486,85.70964772566222,2023-09-16 03:46:06.179429,2023-09-16 03:46:23.503928,0 days 00:00:17.324499,0.6062723859036205,0.5067185573398681,4,313,0.46363916512879627,0.3383971516096783,0.050053103095223705,COMPLETE
487,27.4518760611368,2023-09-16 03:46:23.503928,2023-09-16 03:46:49.288869,0 days 00:00:25.784941,0.6661002040728281,0.6288761846552516,3,336,0.32246383977712295,0.8045987155611761,0.7226470295446403,COMPLETE
488,19.626578392422285,2023-09-16 03:46:49.288869,2023-09-16 03:48:36.482311,0 days 00:01:47.193442,0.8436321190607712,0.08618106344290105,10,363,0.05702837445400126,0.45381505934351685,0.6009694939256622,COMPLETE
489,18.039080925071897,2023-09-16 03:48:36.482311,2023-09-16 03:49:09.500102,0 days 00:00:33.017791,0.6834190926205599,0.051228405020840334,3,409,0.020544003744067917,0.650360114857846,0.5402170393220762,COMPLETE
490,18.03232354318454,2023-09-16 03:49:09.515728,2023-09-16 03:49:41.138663,0 days 00:00:31.622935,0.7228081506676813,0.020847311429531168,3,378,0.37548510235735333,0.691870843383041,0.5230521230217812,COMPLETE
491,33.821012134069,2023-09-16 03:49:41.138663,2023-09-16 03:50:19.186561,0 days 00:00:38.047898,0.7534705654541898,0.7425655213464722,3,480,0.08182600577219121,0.6767159410746317,0.37819157634814893,COMPLETE
492,20.00134105062812,2023-09-16 03:50:19.202187,2023-09-16 03:50:58.601603,0 days 00:00:39.399416,0.6324967806959398,0.11620955422180142,3,539,0.2023464681487609,0.7285196265243845,0.42644688616691395,COMPLETE
493,18.208862398668877,2023-09-16 03:50:58.601603,2023-09-16 03:51:27.399306,0 days 00:00:28.797703,0.698531870914905,0.06435026145497826,3,349,0.42104563320850436,0.48715616563051284,0.5569347959086818,COMPLETE
494,44.2222740707578,2023-09-16 03:51:27.399306,2023-09-16 03:52:06.267223,0 days 00:00:38.867917,0.6653882788228813,0.9806641423330731,4,399,0.10581906008187263,0.589735556642096,0.48248483697769046,COMPLETE
495,18.102813908131587,2023-09-16 03:52:06.267223,2023-09-16 03:52:35.406220,0 days 00:00:29.138997,0.5255873966149915,0.04230854138822214,3,433,0.14591820806929953,0.65707763646302,0.6395537761700155,COMPLETE
496,23.520652544674515,2023-09-16 03:52:35.406220,2023-09-16 03:53:19.989458,0 days 00:00:44.583238,0.9314691123006382,0.4014433133019891,3,454,0.04246068653799174,0.6256053620267322,0.5782727869160658,COMPLETE
497,18.14646703591627,2023-09-16 03:53:19.989458,2023-09-16 03:53:44.927088,0 days 00:00:24.937630,0.2924534435069952,0.01690682756257459,3,500,0.08321022805194807,0.7125625818942085,0.6224121267418256,COMPLETE
498,18.254045578260055,2023-09-16 03:53:44.927088,2023-09-16 03:54:12.979055,0 days 00:00:28.051967,0.7993161974392834,0.08296791532859235,3,368,0.17742367381790267,0.6979483399934251,0.27401320158832043,COMPLETE
499,18.092534351886137,2023-09-16 03:54:12.979055,2023-09-16 03:54:31.451285,0 days 00:00:18.472230,0.6468802120337471,0.039200168028916876,3,328,0.06307184887018419,0.6694690014871911,0.12631784762339265,COMPLETE
500,18.635399354859366,2023-09-16 03:54:31.451285,2023-09-16 03:54:59.038085,0 days 00:00:27.586800,0.8671226127843106,0.0625205151009336,3,384,0.2823693965388121,0.4398469722809264,0.19151184858966558,COMPLETE
501,22.923033318863627,2023-09-16 03:54:59.038085,2023-09-16 03:55:36.822657,0 days 00:00:37.784572,0.7143761901537081,0.2854085650575813,3,471,0.10311764976510979,0.7469803377973071,0.6641939971383327,COMPLETE
502,18.041941902195777,2023-09-16 03:55:36.822657,2023-09-16 03:56:05.397711,0 days 00:00:28.575054,0.6863669514339577,0.01837954035984845,3,351,0.35078984756739007,0.04741344572167128,0.6082597552059926,COMPLETE
503,18.038457793007346,2023-09-16 03:56:05.397711,2023-09-16 03:56:36.968046,0 days 00:00:31.570335,0.6273163114511806,0.04624644352568939,3,416,0.12565711596145127,0.61647224201579,0.5945494733688592,COMPLETE
504,31.594105170512044,2023-09-16 03:56:36.968046,2023-09-16 03:57:18.456319,0 days 00:00:41.488273,0.745243316792108,0.6538511551843162,3,513,0.014495724775624046,0.7752136626014549,0.6908818277450326,COMPLETE
505,28.711024706849777,2023-09-16 03:57:18.456319,2023-09-16 03:58:24.614177,0 days 00:01:06.157858,0.6665862727409841,0.5862547151806553,8,374,0.5999863510307396,0.6439797915999882,0.4160334108724043,COMPLETE
506,68.92813944055874,2023-09-16 03:58:24.614177,2023-09-16 03:59:08.899482,0 days 00:00:44.285305,0.6985034692666918,0.0010690197453564164,5,395,0.03466340048382199,0.6832459811282239,0.8240968850826611,COMPLETE
507,25.441597874806384,2023-09-16 03:59:08.899482,2023-09-16 03:59:54.638840,0 days 00:00:45.739358,0.7302422289099444,0.47553864442005733,4,441,0.09053317383986755,0.6577830922530634,0.5111897138692727,COMPLETE
508,19.57603079588538,2023-09-16 03:59:54.638840,2023-09-16 04:00:22.899399,0 days 00:00:28.260559,0.7765222466822518,0.10461637785604276,3,359,0.07112569119678211,0.7095921049695983,0.953875381402139,COMPLETE
509,26.703519883423205,2023-09-16 04:00:22.899399,2023-09-16 04:00:49.752380,0 days 00:00:26.852981,0.653212156054386,0.5687203695357635,3,338,0.00116740636580933,0.8151744247696948,0.5612283123796383,COMPLETE
