number,value,datetime_start,datetime_complete,duration,params_colsample_bytree,params_learning_rate,params_max_depth,params_n_estimators,params_reg_alpha,params_reg_lambda,params_subsample,state
204,18.030619225089822,2023-09-16 00:58:23.283879,2023-09-16 00:58:46.304409,0 days 00:00:23.020530,0.6555021725663471,0.04613809084808987,3,289,0.17672616719322423,0.589678381747889,0.623819850858367,COMPLETE
205,18.041917309460146,2023-09-16 00:58:46.304409,2023-09-16 00:59:10.187285,0 days 00:00:23.882876,0.6525723613579715,0.05808356101599252,3,298,0.16218977364126425,0.5824624329376322,0.6226846835231535,COMPLETE
206,19.03890755657652,2023-09-16 00:59:10.187285,2023-09-16 01:00:29.921522,0 days 00:01:19.734237,0.6867316713357848,0.060305224326342305,10,312,0.12140482926262633,0.5963574549791983,0.6133671014904314,COMPLETE
207,18.333073436576377,2023-09-16 01:00:29.929028,2023-09-16 01:00:54.853796,0 days 00:00:24.924768,0.707652052607304,0.10210300837106273,3,296,0.16474277467980486,0.622811239865537,0.5814267584291891,COMPLETE
208,18.016212911806868,2023-09-16 01:00:54.853796,2023-09-16 01:01:20.633515,0 days 00:00:25.779719,0.6635994884479054,0.03184921487850196,3,322,0.16958381734813674,0.6547064814381575,0.6025211563424128,COMPLETE
209,18.08673382078424,2023-09-16 01:01:20.633515,2023-09-16 01:01:45.885057,0 days 00:00:25.251542,0.6524737951496717,0.0315888152779147,3,315,0.16250553618306174,0.6593662936010645,0.5506387900527641,COMPLETE
210,18.079843518433623,2023-09-16 01:01:45.885057,2023-09-16 01:02:12.405743,0 days 00:00:26.520686,0.6612360360230731,0.016847897858965954,3,332,0.16649981552305224,0.6801666266688047,0.5783364779911091,COMPLETE
211,18.042672730853756,2023-09-16 01:02:12.405743,2023-09-16 01:02:37.353615,0 days 00:00:24.947872,0.6604096921862092,0.029645402107698216,3,310,0.13265367878248346,0.6764219944767865,0.5469851210556261,COMPLETE
212,18.114488920429533,2023-09-16 01:02:37.353615,2023-09-16 01:03:05.585152,0 days 00:00:28.231537,0.6598536305884973,0.016017547570099898,3,354,0.13645852452470109,0.6842226969863862,0.552648718518735,COMPLETE
213,18.00344589567872,2023-09-16 01:03:05.585152,2023-09-16 01:03:33.107219,0 days 00:00:27.522067,0.6911331844126114,0.02923852339548699,3,333,0.10533725209016388,0.7051480462257862,0.5477613285371425,COMPLETE
214,94.90030161231103,2023-09-16 01:03:33.107219,2023-09-16 01:04:00.555042,0 days 00:00:27.447823,0.6871435120282665,0.00025776666448176777,3,342,0.134126183236507,0.7079082392888353,0.5990287089050489,COMPLETE
215,18.17739410668359,2023-09-16 01:04:00.555042,2023-09-16 01:04:27.609516,0 days 00:00:27.054474,0.6993730563144783,0.06059701458527235,3,326,0.11299915090545902,0.7041956954884195,0.5725535701111335,COMPLETE
216,18.060394723674573,2023-09-16 01:04:27.609516,2023-09-16 01:04:54.348985,0 days 00:00:26.739469,0.6749237170280875,0.029997886514741546,3,331,0.08800555038626323,0.6451631042328774,0.5901969450970257,COMPLETE
217,19.040476268556244,2023-09-16 01:04:54.348985,2023-09-16 01:06:28.699246,0 days 00:01:34.350261,0.6733108723915523,0.029130624600034915,11,330,0.10238382881305169,0.6431784363600637,0.5363716087036537,COMPLETE
218,18.1014801157446,2023-09-16 01:06:28.714759,2023-09-16 01:06:54.704948,0 days 00:00:25.990189,0.6698759430154717,0.01663843159049617,3,321,0.16902394494991457,0.6847413631988716,0.5796833405409518,COMPLETE
219,18.07221979129895,2023-09-16 01:06:54.704948,2023-09-16 01:07:25.113331,0 days 00:00:30.408383,0.7190556439858657,0.037136513471857736,3,362,0.08047226776265033,0.6440375793518955,0.5952453356441976,COMPLETE
220,18.191168659679498,2023-09-16 01:07:25.113331,2023-09-16 01:07:55.054428,0 days 00:00:29.941097,0.7173948405960767,0.06258078382143131,3,362,0.07192904707520241,0.6541019694737465,0.6153737101939102,COMPLETE
221,18.03700152594748,2023-09-16 01:07:55.054428,2023-09-16 01:08:27.347633,0 days 00:00:32.293205,0.7363421703673859,0.034008927622946834,3,382,0.08397915880350293,0.638215233652658,0.598483290660116,COMPLETE
222,18.03294805181503,2023-09-16 01:08:27.347633,2023-09-16 01:08:56.316953,0 days 00:00:28.969320,0.7340681846632536,0.04605834068704936,3,340,0.09326488117881415,0.6393985898397884,0.5958090871393027,COMPLETE
223,18.11242279449936,2023-09-16 01:08:56.316953,2023-09-16 01:09:31.921223,0 days 00:00:35.604270,0.7470444909920231,0.03149715299294238,3,421,0.09192261260554885,0.6392543066796289,0.5980254712017529,COMPLETE
224,17.96968783623179,2023-09-16 01:09:31.921223,2023-09-16 01:10:04.310494,0 days 00:00:32.389271,0.7213185615518368,0.03415727048782927,3,385,0.09061043644673597,0.6424242776104008,0.5599713121215862,COMPLETE
225,19.99384616001931,2023-09-16 01:10:04.310494,2023-09-16 01:10:35.319376,0 days 00:00:31.008882,0.6899130768895192,0.25653801849756847,3,381,0.12346620418786701,0.6284254697958118,0.5641839137850655,COMPLETE
226,83.04281176543009,2023-09-16 01:10:35.319376,2023-09-16 01:11:11.252542,0 days 00:00:35.933166,0.7089023519667734,0.0005087519331173768,3,444,0.09909830346486327,0.6625258028676629,0.5210402752229754,COMPLETE
227,18.240578652624272,2023-09-16 01:11:11.252542,2023-09-16 01:11:43.439583,0 days 00:00:32.187041,0.729409496296406,0.07191796881812587,3,385,0.10416295595406966,0.6219209530030951,0.6260614873038759,COMPLETE
228,18.006481168723013,2023-09-16 01:11:43.439583,2023-09-16 01:12:10.697110,0 days 00:00:27.257527,0.6485672124536661,0.036485597851307484,3,344,0.05582660593229368,0.6995701553073971,0.5389425660415799,COMPLETE
229,18.08447870450871,2023-09-16 01:12:10.697110,2023-09-16 01:12:39.229676,0 days 00:00:28.532566,0.6958805361086826,0.035742212668531656,3,345,0.05381737393376995,0.6999473529376785,0.5478352457490885,COMPLETE
230,18.035838254827933,2023-09-16 01:12:39.239689,2023-09-16 01:13:10.818969,0 days 00:00:31.579280,0.6480375033041673,0.01590915472456338,3,404,0.028140422043952538,0.6876408251463451,0.5729399304549094,COMPLETE
231,18.028060412505447,2023-09-16 01:13:10.818969,2023-09-16 01:13:41.940886,0 days 00:00:31.121917,0.6424330493084539,0.017310646204028134,3,401,0.04218790415765547,0.7352870164274803,0.5725724782391978,COMPLETE
232,18.034427377435,2023-09-16 01:13:41.940886,2023-09-16 01:14:14.088575,0 days 00:00:32.147689,0.645723904304941,0.017796752130985645,3,414,0.028329683809288173,0.7161805427206934,0.5295085294003843,COMPLETE
233,18.13483652240391,2023-09-16 01:14:14.088575,2023-09-16 01:14:45.771082,0 days 00:00:31.682507,0.6468135730224908,0.012954769361963325,3,407,0.03728377345374995,0.7182487256781046,0.5196933231466234,COMPLETE
234,18.083868006452814,2023-09-16 01:14:45.771082,2023-09-16 01:15:19.304382,0 days 00:00:33.533300,0.6509475764980277,0.015648493606276893,3,431,0.026539950781471897,0.7260773329314824,0.5644032931679318,COMPLETE
235,18.116334663731777,2023-09-16 01:15:19.304382,2023-09-16 01:15:50.672419,0 days 00:00:31.368037,0.642891152336873,0.036477145155260085,3,401,0.048029436723004096,0.7317748714099607,0.5392463844472977,COMPLETE
236,18.218320612358703,2023-09-16 01:15:50.672419,2023-09-16 01:16:23.403731,0 days 00:00:32.731312,0.6702308637402565,0.011927924930431967,3,412,0.006405857409453361,0.7416790620057219,0.5376411219309337,COMPLETE
237,18.08099685461789,2023-09-16 01:16:23.403731,2023-09-16 01:16:57.892811,0 days 00:00:34.489080,0.7659394487125569,0.036974853524799296,3,398,0.06685267947754736,0.6916051517359997,0.5026198216443628,COMPLETE
238,18.0818826434127,2023-09-16 01:16:57.892811,2023-09-16 01:17:27.240269,0 days 00:00:29.347458,0.6400151970761122,0.05179797444826588,3,378,0.03690921859757599,0.6724893408595667,0.5598476320155648,COMPLETE
239,28.27894942605049,2023-09-16 01:17:27.240269,2023-09-16 01:17:57.921193,0 days 00:00:30.680924,0.7327183425602428,0.003928881015949202,3,367,0.05499728904599058,0.7573706397909571,0.5746947352528146,COMPLETE
240,22.010932050915578,2023-09-16 01:17:57.921193,2023-09-16 01:18:32.991175,0 days 00:00:35.069982,0.6842620469915143,0.32714374433233934,3,438,0.02545242056992325,0.7005354048353558,0.5271673067185956,COMPLETE
241,17.996054971412303,2023-09-16 01:18:32.991175,2023-09-16 01:19:04.503708,0 days 00:00:31.512533,0.6565493337656549,0.05224557177585677,3,406,0.14172132619362393,0.6714946780912875,0.6271382952275807,COMPLETE
242,36.082667005533295,2023-09-16 01:19:04.503708,2023-09-16 01:19:36.607033,0 days 00:00:32.103325,0.6536507346741666,0.9894507723720541,3,417,0.11958848586959996,0.6719892577543465,0.6351039124519122,COMPLETE
243,18.017947436565727,2023-09-16 01:19:36.607033,2023-09-16 01:20:07.080581,0 days 00:00:30.473548,0.6418524523474729,0.03167681151407694,3,402,0.1494402985162816,0.6907148696762742,0.6652947850901415,COMPLETE
244,19.887804263947352,2023-09-16 01:20:07.080581,2023-09-16 01:21:20.270404,0 days 00:01:13.189823,0.636812869244631,0.18308100717093273,8,406,0.1423443259867877,0.6865597137247106,0.6283029030411145,COMPLETE
245,22.8036193128937,2023-09-16 01:21:20.270404,2023-09-16 01:21:51.027850,0 days 00:00:30.757446,0.661438820006506,0.35179386532996904,3,395,0.08149092988477687,0.6984474336214777,0.6663845968602305,COMPLETE
246,18.41172488555191,2023-09-16 01:21:51.027850,2023-09-16 01:22:21.782791,0 days 00:00:30.754941,0.703379501296679,0.06517285908207152,3,383,0.14581783279710714,0.7106952170352454,0.6639862051366956,COMPLETE
247,18.006605028578527,2023-09-16 01:22:21.782791,2023-09-16 01:22:51.973553,0 days 00:00:30.190762,0.6382032860191102,0.024916698651879145,3,390,0.12585780972129748,0.6668766249329406,0.6039541505026416,COMPLETE
248,17.971195565385287,2023-09-16 01:22:51.973553,2023-09-16 01:23:26.730447,0 days 00:00:34.756894,0.6343468577857245,0.0227364619677049,3,457,0.10919395637464749,0.6609857855806945,0.6030130866032821,COMPLETE
249,99.40011350754449,2023-09-16 01:23:26.730447,2023-09-16 01:23:58.529396,0 days 00:00:31.798949,0.6364591528325301,9.534564007947569e-05,3,422,0.10838847223706802,0.6657219843794948,0.6038173187610819,COMPLETE
250,17.979348072332478,2023-09-16 01:23:58.529396,2023-09-16 01:24:34.917038,0 days 00:00:36.387642,0.6703995841496818,0.020122052987870162,3,462,0.0686929335082159,0.6569872485607053,0.5936523145569043,COMPLETE
251,20.809188842641085,2023-09-16 01:24:34.929548,2023-09-16 01:25:12.484363,0 days 00:00:37.554815,0.6802440841519806,0.22129793809281714,3,475,0.07241235640760281,0.679528917788842,0.5940321543093906,COMPLETE
252,18.033449623603268,2023-09-16 01:25:12.484363,2023-09-16 01:25:48.231279,0 days 00:00:35.746916,0.6586463090814262,0.024021432727324595,3,456,0.09104930946102596,0.662292134104423,0.5579498784614422,COMPLETE
253,17.985580207361586,2023-09-16 01:25:48.246909,2023-09-16 01:26:26.092804,0 days 00:00:37.845895,0.6720195132385488,0.018960126381740928,3,483,0.0895596771994257,0.6551388067913575,0.6101196218897992,COMPLETE
254,18.131707754987026,2023-09-16 01:26:26.092804,2023-09-16 01:27:13.056722,0 days 00:00:46.963918,0.6918866048668467,0.014795771901623105,4,467,0.09509551014607008,0.6572993670671462,0.6126252593002338,COMPLETE
255,20.79879691489354,2023-09-16 01:27:13.056722,2023-09-16 01:27:53.922954,0 days 00:00:40.866232,0.6729503539576347,0.2070886002721654,3,519,0.05844648791013128,0.7169151934917637,0.5666045887379983,COMPLETE
256,50.377691834333184,2023-09-16 01:27:53.922954,2023-09-16 01:28:28.723894,0 days 00:00:34.800940,0.6510808103175008,0.0016252198965594142,3,455,0.08229200444331185,0.6605384260907399,0.588723952531891,COMPLETE
257,18.694273448373696,2023-09-16 01:28:28.723894,2023-09-16 01:30:14.029184,0 days 00:01:45.305290,0.664764585056673,0.05107553891385335,9,485,0.11381328769795274,0.6895336045887588,0.6088608638485155,COMPLETE
258,18.004267464104913,2023-09-16 01:30:14.029184,2023-09-16 01:30:52.100289,0 days 00:00:38.071105,0.7379395717931989,0.0209186502664716,3,452,0.04683922871142734,0.7570915873332176,0.5612451417397811,COMPLETE
259,26.079100503397132,2023-09-16 01:30:52.100289,2023-09-16 01:31:30.448554,0 days 00:00:38.348265,0.7427354367122115,0.5592784656443475,3,456,0.017034453840878823,0.7455486206774801,0.5588477187805077,COMPLETE
260,17.934839887869785,2023-09-16 01:31:30.448554,2023-09-16 01:32:12.161214,0 days 00:00:41.712660,0.7098240561885346,0.021836798432019206,3,508,0.05000594274573709,0.7230973741294471,0.5163433317154466,COMPLETE
261,82.1804050730992,2023-09-16 01:32:12.161214,2023-09-16 01:32:53.434754,0 days 00:00:41.273540,0.7077239893853893,0.0004584013614335816,3,516,0.04535695284366656,0.721532158366756,0.4990540904730888,COMPLETE
262,18.052842742806842,2023-09-16 01:32:53.434754,2023-09-16 01:33:31.201832,0 days 00:00:37.767078,0.6924776560977138,0.021550014616598334,3,471,0.06455743425943579,0.7635860406738598,0.4764200872902426,COMPLETE
263,18.04305938744414,2023-09-16 01:33:31.201832,2023-09-16 01:34:15.108018,0 days 00:00:43.906186,0.6777269823898215,0.021123914516385737,4,440,0.035640117976955654,0.7774400487609924,0.5223460173340881,COMPLETE
264,18.051370003783276,2023-09-16 01:34:15.108018,2023-09-16 01:34:55.324067,0 days 00:00:40.216049,0.7174067955362071,0.019177671881924156,3,485,0.059923609414475346,0.7432485998381809,0.5438728342080916,COMPLETE
265,18.454029380724798,2023-09-16 01:34:55.324067,2023-09-16 01:35:32.842005,0 days 00:00:37.517938,0.6319847991135104,0.07980342402881588,3,495,0.10939098754987965,0.7189197080439125,0.5719826655179507,COMPLETE
266,24.304268249868528,2023-09-16 01:35:32.842005,2023-09-16 01:36:12.029074,0 days 00:00:39.187069,0.6450573633851084,0.3889795013576355,3,511,0.022882281431254415,0.6952388495982955,0.58146653115184,COMPLETE
267,29.94940754905469,2023-09-16 01:36:12.029074,2023-09-16 01:36:51.398482,0 days 00:00:39.369408,0.7502682899672412,0.6986175776853718,3,462,0.09056283085400967,0.7353152573843778,0.5217244615581446,COMPLETE
268,22.452766471580183,2023-09-16 01:36:51.398482,2023-09-16 01:37:31.584763,0 days 00:00:40.186281,0.6985768404346028,0.43080699907474773,3,498,0.0059250100550621715,0.708945778788631,0.5566788708119493,COMPLETE
269,18.971006865946237,2023-09-16 01:37:31.584763,2023-09-16 01:38:05.669998,0 days 00:00:34.085235,0.6746299258423514,0.1627419695369871,3,430,0.05469001816319584,0.6577977544111764,0.592749240970406,COMPLETE
270,18.052905547469393,2023-09-16 01:38:05.669998,2023-09-16 01:38:37.572832,0 days 00:00:31.902834,0.6312545213498406,0.04470265967062102,3,416,0.12629113323179902,0.6790966424607658,0.5360453142081485,COMPLETE
271,18.448055498781937,2023-09-16 01:38:37.572832,2023-09-16 01:40:00.989232,0 days 00:01:23.416400,0.7658456654450392,0.01961317069874132,6,533,0.07202653659853281,0.7851838272421356,0.6131206952448789,COMPLETE
272,18.18612776553078,2023-09-16 01:40:00.989232,2023-09-16 01:40:45.763967,0 days 00:00:44.774735,0.7263877749232376,0.06827397180038218,4,444,0.04477158520861731,0.6994584814822191,0.6921747528621026,COMPLETE
273,21.11563500086373,2023-09-16 01:40:45.763967,2023-09-16 01:41:16.552224,0 days 00:00:30.788257,0.657672095881393,0.31389163773637885,3,392,0.10346294091418513,0.6545223265654327,0.5109172242830617,COMPLETE
274,18.084437645102582,2023-09-16 01:41:16.567849,2023-09-16 01:41:51.971605,0 days 00:00:35.403756,0.6840152620613629,0.04426606413714845,3,445,0.1356288038255856,0.7291856911436215,0.48437038643206864,COMPLETE
275,20.924567922986476,2023-09-16 01:41:51.987229,2023-09-16 01:42:27.855269,0 days 00:00:35.868040,0.6416988630224647,0.2577944174481629,3,470,0.0744579542935208,0.6778168287424792,0.5750030405798191,COMPLETE
276,98.71624180483701,2023-09-16 01:42:27.870894,2023-09-16 01:42:55.930773,0 days 00:00:28.059879,0.6282245309123226,0.00012758536244753677,3,371,0.03222641168097769,0.7545713523369328,0.5507138589724364,COMPLETE
277,17.957822343552653,2023-09-16 01:42:55.930773,2023-09-16 01:43:24.881957,0 days 00:00:28.951184,0.7166485622855924,0.03560660750755584,3,353,0.09288043467294177,0.6404040957636661,0.6693612140269287,COMPLETE
278,18.20906697129633,2023-09-16 01:43:24.897581,2023-09-16 01:43:53.004516,0 days 00:00:28.106935,0.7166548614112411,0.08329188426673315,3,344,0.0956401808601876,0.6408291369241705,0.676422611369786,COMPLETE
279,18.035490560637253,2023-09-16 01:43:53.004516,2023-09-16 01:44:22.000463,0 days 00:00:28.995947,0.7045189126864739,0.05736313288550059,3,357,0.12278704097562336,0.6329688605749556,0.6546737888866189,COMPLETE
280,21.83006246888957,2023-09-16 01:44:22.000463,2023-09-16 01:44:53.308303,0 days 00:00:31.307840,0.8011460309266137,0.2848581668976204,3,354,0.1462331482972169,0.6625931830418503,0.6648058844960937,COMPLETE
281,18.076909316647164,2023-09-16 01:44:53.308303,2023-09-16 01:45:32.898783,0 days 00:00:39.590480,0.7527953535400863,0.03660796715841725,3,482,0.08821608064133468,0.6439038507374534,0.700315677257861,COMPLETE
282,18.44476513263992,2023-09-16 01:45:32.898783,2023-09-16 01:46:08.239506,0 days 00:00:35.340723,0.6713780284926139,0.06645258385033893,3,453,0.11108701323029926,0.7642402302257741,0.6247223872091157,COMPLETE
283,18.00833424114898,2023-09-16 01:46:08.239506,2023-09-16 01:46:39.737957,0 days 00:00:31.498451,0.7324198121400479,0.0380119332591202,3,373,0.06408011621259896,0.7188635852073093,0.6047088362064665,COMPLETE
284,17.952625501934502,2023-09-16 01:46:39.737957,2023-09-16 01:47:10.400532,0 days 00:00:30.662575,0.7230679415330257,0.04729401577422459,3,368,0.07005695654732018,0.6497984446484701,0.6061616909650089,COMPLETE
285,18.460509679031738,2023-09-16 01:47:10.400532,2023-09-16 01:47:47.416675,0 days 00:00:37.016143,0.7341759933223756,0.0826570528325126,4,351,0.058085138047707,0.6311722216242744,0.6083579238180439,COMPLETE
286,18.10494797432606,2023-09-16 01:47:47.416675,2023-09-16 01:48:18.172969,0 days 00:00:30.756294,0.7413477558130531,0.049265222275980874,3,365,0.06712721926699988,0.9052645137699631,0.6313505316290423,COMPLETE
287,18.467124389356687,2023-09-16 01:48:18.172969,2023-09-16 01:49:05.526334,0 days 00:00:47.353365,0.7180876054858862,0.06975953313165059,5,381,0.1249436192618876,0.6267727193735256,0.6459556612883517,COMPLETE
288,18.481264201233277,2023-09-16 01:49:05.526334,2023-09-16 01:49:37.081800,0 days 00:00:31.555466,0.759109809628288,0.09986121516503116,3,365,0.15519198748372337,0.7366850109318875,0.5976814007199118,COMPLETE
289,17.97335306365658,2023-09-16 01:49:37.081800,2023-09-16 01:50:04.719203,0 days 00:00:27.637403,0.6993271719208182,0.04208669758802663,3,337,0.07920711776747243,0.6978088725346808,0.6225106443774608,COMPLETE
290,18.067373464508744,2023-09-16 01:50:04.719203,2023-09-16 01:51:01.428018,0 days 00:00:56.708815,0.7116385640463918,0.03981325643900456,3,711,0.04974939602772922,0.798227698800093,0.6252777596785782,COMPLETE
291,18.108679564530615,2023-09-16 01:51:01.428018,2023-09-16 01:51:31.211952,0 days 00:00:29.783934,0.6931493188139269,0.06034032933879467,3,373,0.07950627060739635,0.7104822053750557,0.6580901630170399,COMPLETE
292,18.17295834471609,2023-09-16 01:51:31.211952,2023-09-16 01:52:02.961057,0 days 00:00:31.749105,0.6956450726275789,0.033098676762171354,3,394,0.11730026887492927,0.691402734895137,0.6774890101338005,COMPLETE
293,18.887471643711734,2023-09-16 01:52:02.961057,2023-09-16 01:52:19.078856,0 days 00:00:16.117799,0.1478071467524259,0.12003295701472766,4,343,0.14063475879946355,0.6732174042302882,0.6195612045629791,COMPLETE
294,21.584492614447857,2023-09-16 01:52:19.078856,2023-09-16 01:52:48.613143,0 days 00:00:29.534287,0.6775713550438052,0.35055105945122794,3,372,0.2092951303625668,0.6938076085005687,0.6417808700108585,COMPLETE
295,25.0817148503903,2023-09-16 01:52:48.613143,2023-09-16 01:53:27.931728,0 days 00:00:39.318585,0.6176977989889698,0.4437728906022862,3,542,0.06932980102913362,0.7335510346778409,0.4443223310454053,COMPLETE
296,18.27107727337296,2023-09-16 01:53:27.947353,2023-09-16 01:53:58.830122,0 days 00:00:30.882769,0.7784194247216378,0.08771202383699353,3,352,0.18295127782400844,0.6551568079728428,0.6104718880416792,COMPLETE
297,18.780156835424386,2023-09-16 01:53:58.845747,2023-09-16 01:54:27.074889,0 days 00:00:28.229142,0.72413724730099,0.13878586181835842,3,335,0.15686835322606874,0.7092730123799625,0.5866538168379718,COMPLETE
298,17.9616155095351,2023-09-16 01:54:27.074889,2023-09-16 01:54:58.370559,0 days 00:00:31.295670,0.6937077722092899,0.05116512108981794,3,391,0.10417085431723866,0.6643135593250649,0.6560344566310864,COMPLETE
299,18.528512037855073,2023-09-16 01:54:58.370559,2023-09-16 01:55:30.282099,0 days 00:00:31.911540,0.7082711897370741,0.0697422012677364,3,398,0.11733671326638595,0.680759266624985,0.696861483473731,COMPLETE
300,17.92237756478889,2023-09-16 01:55:30.282099,2023-09-16 01:56:00.335181,0 days 00:00:30.053082,0.6882020518882874,0.04914806121037074,3,375,0.10670388196547007,0.6540368688291903,0.6530680803774503,COMPLETE
301,19.76531097215315,2023-09-16 01:56:00.335181,2023-09-16 01:56:31.030003,0 days 00:00:30.694822,0.6977152939428309,0.18623295403427487,3,383,0.09419596017339298,0.6649548233457132,0.6662187614175238,COMPLETE
302,19.011153997302547,2023-09-16 01:56:31.030003,2023-09-16 01:57:02.855940,0 days 00:00:31.825937,0.7265778158845102,0.09458745809722977,3,389,0.0768748723202877,0.6706315500080304,0.6844729958956095,COMPLETE
303,21.084218307318906,2023-09-16 01:57:02.871564,2023-09-16 01:57:39.596525,0 days 00:00:36.724961,0.6836461808941031,0.20435390223516325,4,372,0.10607691792327009,0.6962200801187893,0.6514593250680681,COMPLETE
304,22.6322828519729,2023-09-16 01:57:39.596525,2023-09-16 01:58:22.084398,0 days 00:00:42.487873,0.7758439588194876,0.2917004411777353,3,502,0.05187256310111207,0.6467070737832035,0.6491050060837092,COMPLETE
305,19.583520961551162,2023-09-16 01:58:22.084398,2023-09-16 01:58:50.864176,0 days 00:00:28.779778,0.7044182929429098,0.2524381424080432,3,361,0.12789748769568235,0.7141414763218639,0.7112187534074969,COMPLETE
